#
# A fatal error has been detected by the Java Runtime Environment:
#
#  EXCEPTION_ACCESS_VIOLATION (0xc0000005) at pc=0x00007ffd8c09f1a6, pid=10876, tid=2720
#
# JRE version: OpenJDK Runtime Environment (11.0.11+9) (build 11.0.11+9-b60-7590822)
# Java VM: OpenJDK 64-Bit Server VM (11.0.11+9-b60-7590822, mixed mode, tiered, compressed oops, g1 gc, windows-amd64)
# Problematic frame:
# V  [jvm.dll+0x1df1a6]
#
# No core dump will be written. Minidumps are not enabled by default on client versions of Windows
#
# If you would like to submit a bug report, please visit:
#   https://bugreport.java.com/bugreport/crash.jsp
#

---------------  S U M M A R Y ------------

Command Line: --add-opens=java.base/java.util=ALL-UNNAMED --add-opens=java.base/java.lang=ALL-UNNAMED --add-opens=java.base/java.lang.invoke=ALL-UNNAMED --add-opens=java.base/java.util=ALL-UNNAMED --add-opens=java.prefs/java.util.prefs=ALL-UNNAMED --add-opens=java.prefs/java.util.prefs=ALL-UNNAMED --add-opens=java.base/java.nio.charset=ALL-UNNAMED --add-opens=java.base/java.net=ALL-UNNAMED --add-opens=java.base/java.util.concurrent.atomic=ALL-UNNAMED -Xmx2048m -Dfile.encoding=UTF-8 -Duser.country=FR -Duser.language=fr -Duser.variant org.gradle.launcher.daemon.bootstrap.GradleDaemon 7.2

Host: Intel(R) Core(TM) i7-4720HQ CPU @ 2.60GHz, 8 cores, 7G,  Windows 10 , 64 bit Build 19041 (10.0.19041.1645)
Time: Sat May 14 00:03:04 2022 Afrique de l’Est elapsed time: 43.614982 seconds (0d 0h 0m 43s)

---------------  T H R E A D  ---------------

Current thread (0x0000021abb8b4800):  VMThread "VM Thread" [stack: 0x0000005a16100000,0x0000005a16200000] [id=2720]

Stack: [0x0000005a16100000,0x0000005a16200000],  sp=0x0000005a161ff1f0,  free space=1020k
Native frames: (J=compiled Java code, j=interpreted, Vv=VM code, C=native code)
V  [jvm.dll+0x1df1a6]
V  [jvm.dll+0x1ded6e]
V  [jvm.dll+0x1def12]
V  [jvm.dll+0x1de774]
V  [jvm.dll+0x729d4e]
V  [jvm.dll+0x72a38c]
V  [jvm.dll+0x72e3d5]
V  [jvm.dll+0x72eb7c]
V  [jvm.dll+0x72eff7]
V  [jvm.dll+0x6e80b5]
V  [jvm.dll+0x5f1036]
C  [ucrtbase.dll+0x21bb2]
C  [KERNEL32.DLL+0x17034]
C  [ntdll.dll+0x52651]


siginfo: EXCEPTION_ACCESS_VIOLATION (0xc0000005), reading address 0x0000000000000060


Register to memory mapping:

RIP=0x00007ffd8c09f1a6 jvm.dll
RAX=0x0 is NULL
RBX=0x0000005a161ff2b0 points into unknown readable memory: 0x0000021aa59b8d10 | 10 8d 9b a5 1a 02 00 00
RCX=0x0000021aa59b8d10 points into unknown readable memory: 0x0000000000000000 | 00 00 00 00 00 00 00 00
RDX=0x0000021aa59b8d00 points into unknown readable memory: 0x0000000000000000 | 00 00 00 00 00 00 00 00
RSP=0x0000005a161ff1f0 points into unknown readable memory: 0x0000005a183fee18 | 18 ee 3f 18 5a 00 00 00
RBP=0x0000021abb850748 points into unknown readable memory: 0x0817140a9692770a | 0a 77 92 96 0a 14 17 08
RSI=0x0000021abb850370 points into unknown readable memory: 0x0000021abf0ac4f4 | f4 c4 0a bf 1a 02 00 00
RDI=0x0000021a9f4aec50 points into unknown readable memory: 0x00007ffd8c6ed378 | 78 d3 6e 8c fd 7f 00 00
R8 =0x0000021aa59b8d10 points into unknown readable memory: 0x0000000000000000 | 00 00 00 00 00 00 00 00
R9 =0x0000021aa4d10000 points into unknown readable memory: 0x0000000000000009 | 09 00 00 00 00 00 00 00
R10=0x000000000002a6f9 is an unknown value
R11=0x0000005a161ff2e8 points into unknown readable memory: 0x00007ffd8c5e9d4e | 4e 9d 5e 8c fd 7f 00 00
R12=0x00007ffd8c6a2138 jvm.dll
R13=0x00007ffd8c8f3330 jvm.dll
R14=0x00000000000003d8 is an unknown value
R15=0x00000000000003d8 is an unknown value


Registers:
RAX=0x0000000000000000, RBX=0x0000005a161ff2b0, RCX=0x0000021aa59b8d10, RDX=0x0000021aa59b8d00
RSP=0x0000005a161ff1f0, RBP=0x0000021abb850748, RSI=0x0000021abb850370, RDI=0x0000021a9f4aec50
R8 =0x0000021aa59b8d10, R9 =0x0000021aa4d10000, R10=0x000000000002a6f9, R11=0x0000005a161ff2e8
R12=0x00007ffd8c6a2138, R13=0x00007ffd8c8f3330, R14=0x00000000000003d8, R15=0x00000000000003d8
RIP=0x00007ffd8c09f1a6, EFLAGS=0x0000000000010202

Top of Stack: (sp=0x0000005a161ff1f0)
0x0000005a161ff1f0:   0000005a183fee18 00007ffd8c484387
0x0000005a161ff200:   0000021a9f49d430 0000000000000c00
0x0000005a161ff210:   0000005a161ff2b0 00007ffd8c09ed6e
0x0000005a161ff220:   0000021abb850360 0000000000000000
0x0000005a161ff230:   0000000000000000 0000000000000000
0x0000005a161ff240:   0000005a161ff2b0 00007ffd8c09ef12
0x0000005a161ff250:   0000021abb850360 0000021abf1eb000
0x0000005a161ff260:   0000021abb850301 0000021aa4770000
0x0000005a161ff270:   0000021abb850360 00007ffd8c09e774
0x0000005a161ff280:   0000021aa59b5610 00007ffd8c5a9bb8
0x0000005a161ff290:   0000000000000000 0000021ac3108ed8
0x0000005a161ff2a0:   0000021a9f3954f0 0000000000000002
0x0000005a161ff2b0:   0000021aa59b8d10 0000021a9f3954f0
0x0000005a161ff2c0:   0000000000000001 0000021a9f3954f0
0x0000005a161ff2d0:   0000000000000002 0000000000000000
0x0000005a161ff2e0:   0000021abb74a9d0 00007ffd8c5e9d4e 

Instructions: (pc=0x00007ffd8c09f1a6)
0x00007ffd8c09f0a6:   b9 48 8b 00 ff 50 10 84 c0 75 48 48 8b 07 48 8b
0x00007ffd8c09f0b6:   cf 48 8b 13 ff 50 18 48 89 03 48 85 c0 74 21 48
0x00007ffd8c09f0c6:   8b 0b 48 8b 01 ff 50 10 84 c0 75 14 48 8b 07 48
0x00007ffd8c09f0d6:   8b cf 48 8b 13 ff 50 18 48 89 03 48 85 c0 75 df
0x00007ffd8c09f0e6:   48 83 3b 00 40 0f 95 c7 40 84 ff 0f 84 69 ff ff
0x00007ffd8c09f0f6:   ff eb 03 40 b7 01 40 84 ff 0f 85 2b ff ff ff 40
0x00007ffd8c09f106:   0f b6 c7 48 8b 5c 24 30 48 83 c4 20 5f c3 cc cc
0x00007ffd8c09f116:   cc cc cc cc cc cc cc cc cc cc 40 53 48 83 ec 20
0x00007ffd8c09f126:   8b 41 20 48 8b d9 39 41 10 75 08 32 c0 48 83 c4
0x00007ffd8c09f136:   20 5b c3 48 83 3b 00 48 63 51 10 48 8b 41 08 48
0x00007ffd8c09f146:   89 7c 24 30 48 8b 48 18 48 8b 3c d1 75 36 48 8b
0x00007ffd8c09f156:   07 48 8b cf ff 50 10 48 89 03 48 8b c8 48 85 c0
0x00007ffd8c09f166:   75 0b 48 8b 7c 24 30 48 83 c4 20 5b c3 48 8b 00
0x00007ffd8c09f176:   ff 50 60 84 c0 74 0d b0 01 48 8b 7c 24 30 48 83
0x00007ffd8c09f186:   c4 20 5b c3 48 8b 07 48 8b cf 48 8b 13 ff 50 18
0x00007ffd8c09f196:   48 89 03 48 85 c0 74 23 66 90 48 8b 0b 48 8b 01
0x00007ffd8c09f1a6:   ff 50 60 84 c0 75 14 48 8b 07 48 8b cf 48 8b 13
0x00007ffd8c09f1b6:   ff 50 18 48 89 03 48 85 c0 75 df 48 83 3b 00 48
0x00007ffd8c09f1c6:   8b 7c 24 30 0f 95 c0 48 83 c4 20 5b c3 cc cc cc
0x00007ffd8c09f1d6:   cc cc cc cc cc cc cc cc cc cc 40 53 48 83 ec 20
0x00007ffd8c09f1e6:   8b 41 20 48 8b d9 39 41 10 75 08 32 c0 48 83 c4
0x00007ffd8c09f1f6:   20 5b c3 48 83 3b 00 48 63 51 10 48 8b 41 08 48
0x00007ffd8c09f206:   89 7c 24 30 48 8b 48 18 48 8b 3c d1 75 36 48 8b
0x00007ffd8c09f216:   07 48 8b cf ff 50 10 48 89 03 48 8b c8 48 85 c0
0x00007ffd8c09f226:   75 0b 48 8b 7c 24 30 48 83 c4 20 5b c3 48 8b 00
0x00007ffd8c09f236:   ff 50 10 84 c0 74 0d b0 01 48 8b 7c 24 30 48 83
0x00007ffd8c09f246:   c4 20 5b c3 48 8b 07 48 8b cf 48 8b 13 ff 50 18
0x00007ffd8c09f256:   48 89 03 48 85 c0 74 23 66 90 48 8b 0b 48 8b 01
0x00007ffd8c09f266:   ff 50 10 84 c0 75 14 48 8b 07 48 8b cf 48 8b 13
0x00007ffd8c09f276:   ff 50 18 48 89 03 48 85 c0 75 df 48 83 3b 00 48
0x00007ffd8c09f286:   8b 7c 24 30 0f 95 c0 48 83 c4 20 5b c3 cc cc cc
0x00007ffd8c09f296:   cc cc cc cc cc cc cc cc cc cc 4c 8b 0d 29 9e 81 


Stack slot to memory mapping:
stack at sp + 0 slots: 0x0000005a183fee18 is pointing into the stack for thread: 0x0000021abc426800
stack at sp + 1 slots: 0x00007ffd8c484387 jvm.dll
stack at sp + 2 slots: 0x0000021a9f49d430 points into unknown readable memory: 0x0000000000000000 | 00 00 00 00 00 00 00 00
stack at sp + 3 slots: 0x0000000000000c00 is an unknown value
stack at sp + 4 slots: 0x0000005a161ff2b0 points into unknown readable memory: 0x0000021aa59b8d10 | 10 8d 9b a5 1a 02 00 00
stack at sp + 5 slots: 0x00007ffd8c09ed6e jvm.dll
stack at sp + 6 slots: 0x0000021abb850360 points into unknown readable memory: 0x0000000000000000 | 00 00 00 00 00 00 00 00
stack at sp + 7 slots: 0x0 is NULL

VM_Operation (0x0000005a1eaf86b0): Deoptimize, mode: safepoint, requested by thread 0x0000021ac3239000


---------------  P R O C E S S  ---------------

Threads class SMR info:
_java_thread_list=0x0000021ac1cd1bf0, length=144, elements={
0x0000021a9f4a1000, 0x0000021abb8b6800, 0x0000021abb8c0000, 0x0000021abb8cf000,
0x0000021abb8cf800, 0x0000021abb8d0800, 0x0000021abb8db800, 0x0000021abb8e2000,
0x0000021abb8e5800, 0x0000021abc3ce000, 0x0000021abe449800, 0x0000021abe80d800,
0x0000021abe271000, 0x0000021abdc88000, 0x0000021abda7d000, 0x0000021abef0a800,
0x0000021abf913800, 0x0000021abdcf0800, 0x0000021abdc4a000, 0x0000021abc422800,
0x0000021abc423800, 0x0000021abc424000, 0x0000021abc421800, 0x0000021abc425800,
0x0000021abc426800, 0x0000021abc425000, 0x0000021abc421000, 0x0000021abc427800,
0x0000021abf7fa000, 0x0000021abf7fd000, 0x0000021abf7fb800, 0x0000021abf7fc000,
0x0000021abf803800, 0x0000021abf803000, 0x0000021abf7ff800, 0x0000021abf7fe800,
0x0000021abf800800, 0x0000021abf804800, 0x0000021abf805000, 0x0000021abf806000,
0x0000021abf807000, 0x0000021abf801000, 0x0000021ac1de4800, 0x0000021ac1de2800,
0x0000021ac1de7000, 0x0000021ac1de8000, 0x0000021ac1de3000, 0x0000021ac1de5800,
0x0000021ac1de6800, 0x0000021ac1de9000, 0x0000021ac1de9800, 0x0000021ac1de4000,
0x0000021ac1def800, 0x0000021ac1ded000, 0x0000021ac1df0000, 0x0000021ac1dee800,
0x0000021ac1dea800, 0x0000021ac1df1000, 0x0000021ac1deb800, 0x0000021ac1dec000,
0x0000021ac1ded800, 0x0000021ac1d88000, 0x0000021ac1d8c800, 0x0000021ac1d89000,
0x0000021ac1d8b800, 0x0000021ac1d8d000, 0x0000021ac1d8a000, 0x0000021ac1d8a800,
0x0000021ac1d91000, 0x0000021ac1d92000, 0x0000021ac1d93000, 0x0000021ac1d93800,
0x0000021ac1d8e000, 0x0000021ac1d8f000, 0x0000021ac1d94800, 0x0000021ac1d95800,
0x0000021ac1d8f800, 0x0000021ac1d96000, 0x0000021ac1d90800, 0x0000021ac1d97000,
0x0000021ac20f3800, 0x0000021ac20f2800, 0x0000021ac20f7000, 0x0000021ac20f4800,
0x0000021ac20f5000, 0x0000021ac20f6000, 0x0000021ac20f1000, 0x0000021ac20f7800,
0x0000021ac20f2000, 0x0000021ac20fe000, 0x0000021ac20fa000, 0x0000021ac20f8800,
0x0000021ac20fc800, 0x0000021ac20fd800, 0x0000021ac20ff000, 0x0000021ac20f9800,
0x0000021ac2100000, 0x0000021ac20fb000, 0x0000021ac20fb800, 0x0000021abd2e7000,
0x0000021abd2e4800, 0x0000021abd2e8800, 0x0000021abd2e7800, 0x0000021abd2e9800,
0x0000021abd2ea000, 0x0000021abd2e6000, 0x0000021abd2e5000, 0x0000021abd2ec800,
0x0000021abd2ec000, 0x0000021abd2ef000, 0x0000021abd2ed800, 0x0000021abd2eb000,
0x0000021abd2f3000, 0x0000021abd2ee000, 0x0000021abd2f0000, 0x0000021abd2f0800,
0x0000021abd2f2800, 0x0000021abd2f1800, 0x0000021ac3230800, 0x0000021ac3231800,
0x0000021ac3233000, 0x0000021ac3234000, 0x0000021ac3232800, 0x0000021ac323b800,
0x0000021ac3235800, 0x0000021ac323a800, 0x0000021ac3239000, 0x0000021ac3239800,
0x0000021ac323c000, 0x0000021ac3236800, 0x0000021ac323d000, 0x0000021ac3237000,
0x0000021ac323d800, 0x0000021ac3235000, 0x0000021ac323e800, 0x0000021ac323f800,
0x0000021abf1ed000, 0x0000021abf1ed800, 0x0000021abf1ec000, 0x0000021abf1ee800,
0x0000021abf1ea800, 0x0000021abf1eb000, 0x0000021abf1ef000, 0x0000021abf1f0000
}

Java Threads: ( => current thread )
  0x0000021a9f4a1000 JavaThread "main" [_thread_blocked, id=12776, stack(0x0000005a15b00000,0x0000005a15c00000)]
  0x0000021abb8b6800 JavaThread "Reference Handler" daemon [_thread_blocked, id=8972, stack(0x0000005a16200000,0x0000005a16300000)]
  0x0000021abb8c0000 JavaThread "Finalizer" daemon [_thread_blocked, id=5376, stack(0x0000005a16300000,0x0000005a16400000)]
  0x0000021abb8cf000 JavaThread "Signal Dispatcher" daemon [_thread_blocked, id=7004, stack(0x0000005a16400000,0x0000005a16500000)]
  0x0000021abb8cf800 JavaThread "Attach Listener" daemon [_thread_blocked, id=14020, stack(0x0000005a16500000,0x0000005a16600000)]
  0x0000021abb8d0800 JavaThread "Service Thread" daemon [_thread_blocked, id=7924, stack(0x0000005a16600000,0x0000005a16700000)]
  0x0000021abb8db800 JavaThread "C2 CompilerThread0" daemon [_thread_blocked, id=13692, stack(0x0000005a16700000,0x0000005a16800000)]
  0x0000021abb8e2000 JavaThread "C1 CompilerThread0" daemon [_thread_blocked, id=13440, stack(0x0000005a16800000,0x0000005a16900000)]
  0x0000021abb8e5800 JavaThread "Sweeper thread" daemon [_thread_blocked, id=6816, stack(0x0000005a16900000,0x0000005a16a00000)]
  0x0000021abc3ce000 JavaThread "Common-Cleaner" daemon [_thread_blocked, id=13784, stack(0x0000005a16a00000,0x0000005a16b00000)]
  0x0000021abe449800 JavaThread "Daemon health stats" [_thread_blocked, id=14296, stack(0x0000005a17000000,0x0000005a17100000)]
  0x0000021abe80d800 JavaThread "Incoming local TCP Connector on port 50628" [_thread_in_native, id=3684, stack(0x0000005a16c00000,0x0000005a16d00000)]
  0x0000021abe271000 JavaThread "Daemon periodic checks" [_thread_blocked, id=6272, stack(0x0000005a16d00000,0x0000005a16e00000)]
  0x0000021abdc88000 JavaThread "Daemon" [_thread_blocked, id=10784, stack(0x0000005a17100000,0x0000005a17200000)]
  0x0000021abda7d000 JavaThread "Handler for socket connection from /127.0.0.1:50628 to /127.0.0.1:50629" [_thread_in_native, id=2852, stack(0x0000005a17200000,0x0000005a17300000)]
  0x0000021abef0a800 JavaThread "Cancel handler" [_thread_blocked, id=13980, stack(0x0000005a17300000,0x0000005a17400000)]
  0x0000021abf913800 JavaThread "Daemon worker" [_thread_blocked, id=6492, stack(0x0000005a17400000,0x0000005a17500000)]
  0x0000021abdcf0800 JavaThread "Asynchronous log dispatcher for DefaultDaemonConnection: socket connection from /127.0.0.1:50628 to /127.0.0.1:50629" [_thread_blocked, id=12832, stack(0x0000005a17500000,0x0000005a17600000)]
  0x0000021abdc4a000 JavaThread "Stdin handler" [_thread_blocked, id=7276, stack(0x0000005a17600000,0x0000005a17700000)]
  0x0000021abc422800 JavaThread "Daemon client event forwarder" [_thread_blocked, id=11472, stack(0x0000005a17700000,0x0000005a17800000)]
  0x0000021abc423800 JavaThread "Cache worker for journal cache (C:\Users\LENOVO\.gradle\caches\journal-1)" [_thread_blocked, id=376, stack(0x0000005a17d00000,0x0000005a17e00000)]
  0x0000021abc424000 JavaThread "File lock request listener" [_thread_in_native, id=7264, stack(0x0000005a17e00000,0x0000005a17f00000)]
  0x0000021abc421800 JavaThread "Cache worker for file hash cache (C:\Users\LENOVO\.gradle\caches\7.2\fileHashes)" [_thread_blocked, id=8356, stack(0x0000005a17f00000,0x0000005a18000000)]
  0x0000021abc425800 JavaThread "Cache worker for file hash cache (C:\Users\LENOVO\AndroidStudioProjects\AtelierEducatif\.gradle\7.2\fileHashes)" [_thread_blocked, id=14076, stack(0x0000005a18200000,0x0000005a18300000)]
  0x0000021abc426800 JavaThread "File watcher server" daemon [_thread_blocked, id=13476, stack(0x0000005a18300000,0x0000005a18400000)]
  0x0000021abc425000 JavaThread "File watcher consumer" daemon [_thread_blocked, id=12900, stack(0x0000005a18400000,0x0000005a18500000)]
  0x0000021abc421000 JavaThread "Cache worker for checksums cache (C:\Users\LENOVO\AndroidStudioProjects\AtelierEducatif\.gradle\checksums)" [_thread_blocked, id=12460, stack(0x0000005a18500000,0x0000005a18600000)]
  0x0000021abc427800 JavaThread "Cache worker for cache directory md-supplier (C:\Users\LENOVO\.gradle\caches\7.2\md-supplier)" [_thread_blocked, id=10916, stack(0x0000005a18600000,0x0000005a18700000)]
  0x0000021abf7fa000 JavaThread "Cache worker for cache directory md-rule (C:\Users\LENOVO\.gradle\caches\7.2\md-rule)" [_thread_blocked, id=12520, stack(0x0000005a18700000,0x0000005a18800000)]
  0x0000021abf7fd000 JavaThread "Cache worker for execution history cache (C:\Users\LENOVO\.gradle\caches\7.2\executionHistory)" [_thread_blocked, id=9236, stack(0x0000005a18900000,0x0000005a18a00000)]
  0x0000021abf7fb800 JavaThread "jar transforms" [_thread_blocked, id=14300, stack(0x0000005a18a00000,0x0000005a18b00000)]
  0x0000021abf7fc000 JavaThread "Cache worker for file content cache (C:\Users\LENOVO\.gradle\caches\7.2\fileContent)" [_thread_blocked, id=12720, stack(0x0000005a18b00000,0x0000005a18c00000)]
  0x0000021abf803800 JavaThread "jar transforms Thread 2" [_thread_blocked, id=10328, stack(0x0000005a18c00000,0x0000005a18d00000)]
  0x0000021abf803000 JavaThread "Cache worker for dependencies-accessors (C:\Users\LENOVO\AndroidStudioProjects\AtelierEducatif\.gradle\7.2\dependencies-accessors)" [_thread_blocked, id=10948, stack(0x0000005a18d00000,0x0000005a18e00000)]
  0x0000021abf7ff800 JavaThread "jar transforms Thread 3" [_thread_blocked, id=5408, stack(0x0000005a18e00000,0x0000005a18f00000)]
  0x0000021abf7fe800 JavaThread "Cache worker for Build Output Cleanup Cache (C:\Users\LENOVO\AndroidStudioProjects\AtelierEducatif\.gradle\buildOutputCleanup)" [_thread_blocked, id=10160, stack(0x0000005a18f00000,0x0000005a19000000)]
  0x0000021abf800800 JavaThread "Unconstrained build operations" [_thread_blocked, id=5052, stack(0x0000005a18800000,0x0000005a18900000)]
  0x0000021abf804800 JavaThread "Unconstrained build operations Thread 2" [_thread_blocked, id=8400, stack(0x0000005a19000000,0x0000005a19100000)]
  0x0000021abf805000 JavaThread "Unconstrained build operations Thread 3" [_thread_blocked, id=11968, stack(0x0000005a19100000,0x0000005a19200000)]
  0x0000021abf806000 JavaThread "Unconstrained build operations Thread 4" [_thread_blocked, id=7768, stack(0x0000005a19200000,0x0000005a19300000)]
  0x0000021abf807000 JavaThread "Unconstrained build operations Thread 5" [_thread_blocked, id=5488, stack(0x0000005a19300000,0x0000005a19400000)]
  0x0000021abf801000 JavaThread "Unconstrained build operations Thread 6" [_thread_blocked, id=9212, stack(0x0000005a19400000,0x0000005a19500000)]
  0x0000021ac1de4800 JavaThread "Unconstrained build operations Thread 7" [_thread_blocked, id=1952, stack(0x0000005a19500000,0x0000005a19600000)]
  0x0000021ac1de2800 JavaThread "Unconstrained build operations Thread 8" [_thread_blocked, id=7692, stack(0x0000005a19600000,0x0000005a19700000)]
  0x0000021ac1de7000 JavaThread "Unconstrained build operations Thread 9" [_thread_blocked, id=14120, stack(0x0000005a19700000,0x0000005a19800000)]
  0x0000021ac1de8000 JavaThread "Unconstrained build operations Thread 10" [_thread_blocked, id=4332, stack(0x0000005a19800000,0x0000005a19900000)]
  0x0000021ac1de3000 JavaThread "Unconstrained build operations Thread 11" [_thread_blocked, id=14092, stack(0x0000005a19900000,0x0000005a19a00000)]
  0x0000021ac1de5800 JavaThread "Unconstrained build operations Thread 12" [_thread_blocked, id=4576, stack(0x0000005a19a00000,0x0000005a19b00000)]
  0x0000021ac1de6800 JavaThread "Unconstrained build operations Thread 13" [_thread_blocked, id=12692, stack(0x0000005a19b00000,0x0000005a19c00000)]
  0x0000021ac1de9000 JavaThread "Unconstrained build operations Thread 14" [_thread_blocked, id=3692, stack(0x0000005a19c00000,0x0000005a19d00000)]
  0x0000021ac1de9800 JavaThread "Unconstrained build operations Thread 15" [_thread_blocked, id=1316, stack(0x0000005a19d00000,0x0000005a19e00000)]
  0x0000021ac1de4000 JavaThread "Unconstrained build operations Thread 16" [_thread_blocked, id=12500, stack(0x0000005a19e00000,0x0000005a19f00000)]
  0x0000021ac1def800 JavaThread "Unconstrained build operations Thread 17" [_thread_blocked, id=9640, stack(0x0000005a19f00000,0x0000005a1a000000)]
  0x0000021ac1ded000 JavaThread "Unconstrained build operations Thread 18" [_thread_blocked, id=4736, stack(0x0000005a1a000000,0x0000005a1a100000)]
  0x0000021ac1df0000 JavaThread "Unconstrained build operations Thread 19" [_thread_blocked, id=10932, stack(0x0000005a1a100000,0x0000005a1a200000)]
  0x0000021ac1dee800 JavaThread "Unconstrained build operations Thread 20" [_thread_blocked, id=12960, stack(0x0000005a1a200000,0x0000005a1a300000)]
  0x0000021ac1dea800 JavaThread "Unconstrained build operations Thread 21" [_thread_blocked, id=5464, stack(0x0000005a1a300000,0x0000005a1a400000)]
  0x0000021ac1df1000 JavaThread "Unconstrained build operations Thread 22" [_thread_blocked, id=3092, stack(0x0000005a1a400000,0x0000005a1a500000)]
  0x0000021ac1deb800 JavaThread "Unconstrained build operations Thread 23" [_thread_blocked, id=7956, stack(0x0000005a1a500000,0x0000005a1a600000)]
  0x0000021ac1dec000 JavaThread "Unconstrained build operations Thread 24" [_thread_blocked, id=13188, stack(0x0000005a1a600000,0x0000005a1a700000)]
  0x0000021ac1ded800 JavaThread "Unconstrained build operations Thread 25" [_thread_blocked, id=4756, stack(0x0000005a1a700000,0x0000005a1a800000)]
  0x0000021ac1d88000 JavaThread "Unconstrained build operations Thread 26" [_thread_blocked, id=9124, stack(0x0000005a1a800000,0x0000005a1a900000)]
  0x0000021ac1d8c800 JavaThread "Unconstrained build operations Thread 27" [_thread_blocked, id=9428, stack(0x0000005a1a900000,0x0000005a1aa00000)]
  0x0000021ac1d89000 JavaThread "Unconstrained build operations Thread 28" [_thread_blocked, id=7900, stack(0x0000005a1aa00000,0x0000005a1ab00000)]
  0x0000021ac1d8b800 JavaThread "Unconstrained build operations Thread 29" [_thread_blocked, id=6728, stack(0x0000005a1ab00000,0x0000005a1ac00000)]
  0x0000021ac1d8d000 JavaThread "Unconstrained build operations Thread 30" [_thread_blocked, id=7036, stack(0x0000005a1ac00000,0x0000005a1ad00000)]
  0x0000021ac1d8a000 JavaThread "Unconstrained build operations Thread 31" [_thread_blocked, id=13684, stack(0x0000005a1ad00000,0x0000005a1ae00000)]
  0x0000021ac1d8a800 JavaThread "Unconstrained build operations Thread 32" [_thread_blocked, id=13224, stack(0x0000005a1ae00000,0x0000005a1af00000)]
  0x0000021ac1d91000 JavaThread "Unconstrained build operations Thread 33" [_thread_blocked, id=12996, stack(0x0000005a1af00000,0x0000005a1b000000)]
  0x0000021ac1d92000 JavaThread "Unconstrained build operations Thread 34" [_thread_blocked, id=2960, stack(0x0000005a1b000000,0x0000005a1b100000)]
  0x0000021ac1d93000 JavaThread "Unconstrained build operations Thread 35" [_thread_blocked, id=11532, stack(0x0000005a1b100000,0x0000005a1b200000)]
  0x0000021ac1d93800 JavaThread "Unconstrained build operations Thread 36" [_thread_blocked, id=9312, stack(0x0000005a1b200000,0x0000005a1b300000)]
  0x0000021ac1d8e000 JavaThread "Unconstrained build operations Thread 37" [_thread_blocked, id=9624, stack(0x0000005a1b300000,0x0000005a1b400000)]
  0x0000021ac1d8f000 JavaThread "Unconstrained build operations Thread 38" [_thread_blocked, id=9120, stack(0x0000005a1b400000,0x0000005a1b500000)]
  0x0000021ac1d94800 JavaThread "Unconstrained build operations Thread 39" [_thread_blocked, id=9096, stack(0x0000005a1b500000,0x0000005a1b600000)]
  0x0000021ac1d95800 JavaThread "Unconstrained build operations Thread 40" [_thread_blocked, id=14048, stack(0x0000005a1b600000,0x0000005a1b700000)]
  0x0000021ac1d8f800 JavaThread "Unconstrained build operations Thread 41" [_thread_blocked, id=11468, stack(0x0000005a1b700000,0x0000005a1b800000)]
  0x0000021ac1d96000 JavaThread "Unconstrained build operations Thread 42" [_thread_blocked, id=13824, stack(0x0000005a1b800000,0x0000005a1b900000)]
  0x0000021ac1d90800 JavaThread "Unconstrained build operations Thread 43" [_thread_blocked, id=9364, stack(0x0000005a1b900000,0x0000005a1ba00000)]
  0x0000021ac1d97000 JavaThread "Unconstrained build operations Thread 44" [_thread_blocked, id=1212, stack(0x0000005a1ba00000,0x0000005a1bb00000)]
  0x0000021ac20f3800 JavaThread "Unconstrained build operations Thread 45" [_thread_blocked, id=4516, stack(0x0000005a1bb00000,0x0000005a1bc00000)]
  0x0000021ac20f2800 JavaThread "Unconstrained build operations Thread 46" [_thread_blocked, id=14072, stack(0x0000005a1bc00000,0x0000005a1bd00000)]
  0x0000021ac20f7000 JavaThread "Unconstrained build operations Thread 47" [_thread_blocked, id=9648, stack(0x0000005a1bd00000,0x0000005a1be00000)]
  0x0000021ac20f4800 JavaThread "Unconstrained build operations Thread 48" [_thread_blocked, id=8380, stack(0x0000005a1be00000,0x0000005a1bf00000)]
  0x0000021ac20f5000 JavaThread "Unconstrained build operations Thread 49" [_thread_blocked, id=2396, stack(0x0000005a1bf00000,0x0000005a1c000000)]
  0x0000021ac20f6000 JavaThread "Unconstrained build operations Thread 50" [_thread_blocked, id=10292, stack(0x0000005a1c000000,0x0000005a1c100000)]
  0x0000021ac20f1000 JavaThread "Unconstrained build operations Thread 51" [_thread_blocked, id=8556, stack(0x0000005a1c100000,0x0000005a1c200000)]
  0x0000021ac20f7800 JavaThread "Unconstrained build operations Thread 52" [_thread_blocked, id=12812, stack(0x0000005a1c200000,0x0000005a1c300000)]
  0x0000021ac20f2000 JavaThread "Unconstrained build operations Thread 53" [_thread_blocked, id=13196, stack(0x0000005a1c300000,0x0000005a1c400000)]
  0x0000021ac20fe000 JavaThread "Unconstrained build operations Thread 54" [_thread_blocked, id=8488, stack(0x0000005a1c400000,0x0000005a1c500000)]
  0x0000021ac20fa000 JavaThread "Unconstrained build operations Thread 55" [_thread_blocked, id=2092, stack(0x0000005a1c500000,0x0000005a1c600000)]
  0x0000021ac20f8800 JavaThread "Unconstrained build operations Thread 56" [_thread_blocked, id=10732, stack(0x0000005a1c600000,0x0000005a1c700000)]
  0x0000021ac20fc800 JavaThread "Unconstrained build operations Thread 57" [_thread_blocked, id=11136, stack(0x0000005a1c700000,0x0000005a1c800000)]
  0x0000021ac20fd800 JavaThread "Unconstrained build operations Thread 58" [_thread_blocked, id=13724, stack(0x0000005a1c800000,0x0000005a1c900000)]
  0x0000021ac20ff000 JavaThread "Unconstrained build operations Thread 59" [_thread_blocked, id=14188, stack(0x0000005a1c900000,0x0000005a1ca00000)]
  0x0000021ac20f9800 JavaThread "Unconstrained build operations Thread 60" [_thread_blocked, id=1288, stack(0x0000005a1ca00000,0x0000005a1cb00000)]
  0x0000021ac2100000 JavaThread "Unconstrained build operations Thread 61" [_thread_blocked, id=13804, stack(0x0000005a1cb00000,0x0000005a1cc00000)]
  0x0000021ac20fb000 JavaThread "Unconstrained build operations Thread 62" [_thread_blocked, id=13872, stack(0x0000005a1cc00000,0x0000005a1cd00000)]
  0x0000021ac20fb800 JavaThread "Unconstrained build operations Thread 63" [_thread_blocked, id=13464, stack(0x0000005a1cd00000,0x0000005a1ce00000)]
  0x0000021abd2e7000 JavaThread "Unconstrained build operations Thread 64" [_thread_blocked, id=6208, stack(0x0000005a1ce00000,0x0000005a1cf00000)]
  0x0000021abd2e4800 JavaThread "Unconstrained build operations Thread 65" [_thread_blocked, id=13204, stack(0x0000005a1cf00000,0x0000005a1d000000)]
  0x0000021abd2e8800 JavaThread "Unconstrained build operations Thread 66" [_thread_blocked, id=2292, stack(0x0000005a1d000000,0x0000005a1d100000)]
  0x0000021abd2e7800 JavaThread "Unconstrained build operations Thread 67" [_thread_blocked, id=13180, stack(0x0000005a1d100000,0x0000005a1d200000)]
  0x0000021abd2e9800 JavaThread "Unconstrained build operations Thread 68" [_thread_blocked, id=10400, stack(0x0000005a1d200000,0x0000005a1d300000)]
  0x0000021abd2ea000 JavaThread "Unconstrained build operations Thread 69" [_thread_blocked, id=12600, stack(0x0000005a1d300000,0x0000005a1d400000)]
  0x0000021abd2e6000 JavaThread "Unconstrained build operations Thread 70" [_thread_blocked, id=14192, stack(0x0000005a1d400000,0x0000005a1d500000)]
  0x0000021abd2e5000 JavaThread "Unconstrained build operations Thread 71" [_thread_blocked, id=14176, stack(0x0000005a1d500000,0x0000005a1d600000)]
  0x0000021abd2ec800 JavaThread "Unconstrained build operations Thread 72" [_thread_blocked, id=12220, stack(0x0000005a1d600000,0x0000005a1d700000)]
  0x0000021abd2ec000 JavaThread "Unconstrained build operations Thread 73" [_thread_blocked, id=2016, stack(0x0000005a1d700000,0x0000005a1d800000)]
  0x0000021abd2ef000 JavaThread "Unconstrained build operations Thread 74" [_thread_blocked, id=3292, stack(0x0000005a1d800000,0x0000005a1d900000)]
  0x0000021abd2ed800 JavaThread "Unconstrained build operations Thread 75" [_thread_blocked, id=13216, stack(0x0000005a1d900000,0x0000005a1da00000)]
  0x0000021abd2eb000 JavaThread "Unconstrained build operations Thread 76" [_thread_blocked, id=12008, stack(0x0000005a1da00000,0x0000005a1db00000)]
  0x0000021abd2f3000 JavaThread "Unconstrained build operations Thread 77" [_thread_blocked, id=5368, stack(0x0000005a1db00000,0x0000005a1dc00000)]
  0x0000021abd2ee000 JavaThread "Unconstrained build operations Thread 78" [_thread_blocked, id=11272, stack(0x0000005a1dc00000,0x0000005a1dd00000)]
  0x0000021abd2f0000 JavaThread "Unconstrained build operations Thread 79" [_thread_blocked, id=9256, stack(0x0000005a1dd00000,0x0000005a1de00000)]
  0x0000021abd2f0800 JavaThread "Unconstrained build operations Thread 80" [_thread_blocked, id=10220, stack(0x0000005a1de00000,0x0000005a1df00000)]
  0x0000021abd2f2800 JavaThread "jar transforms Thread 4" [_thread_blocked, id=13956, stack(0x0000005a1df00000,0x0000005a1e000000)]
  0x0000021abd2f1800 JavaThread "jar transforms Thread 5" [_thread_blocked, id=7304, stack(0x0000005a1e000000,0x0000005a1e100000)]
  0x0000021ac3230800 JavaThread "jar transforms Thread 6" [_thread_blocked, id=5260, stack(0x0000005a1e100000,0x0000005a1e200000)]
  0x0000021ac3231800 JavaThread "jar transforms Thread 7" [_thread_blocked, id=11956, stack(0x0000005a1e200000,0x0000005a1e300000)]
  0x0000021ac3233000 JavaThread "jar transforms Thread 8" [_thread_blocked, id=5180, stack(0x0000005a1e300000,0x0000005a1e400000)]
  0x0000021ac3234000 JavaThread "Memory manager" [_thread_blocked, id=6676, stack(0x0000005a1e500000,0x0000005a1e600000)]
  0x0000021ac3232800 JavaThread "build event listener" [_thread_blocked, id=12212, stack(0x0000005a1e600000,0x0000005a1e700000)]
  0x0000021ac323b800 JavaThread "pool-3-thread-1" [_thread_blocked, id=5388, stack(0x0000005a1e700000,0x0000005a1e800000)]
  0x0000021ac3235800 JavaThread "build event listener" [_thread_blocked, id=7904, stack(0x0000005a1e800000,0x0000005a1e900000)]
  0x0000021ac323a800 JavaThread "Execution worker for ':'" [_thread_blocked, id=13592, stack(0x0000005a1e900000,0x0000005a1ea00000)]
  0x0000021ac3239000 JavaThread "Execution worker for ':' Thread 2" [_thread_blocked, id=8988, stack(0x0000005a1ea00000,0x0000005a1eb00000)]
  0x0000021ac3239800 JavaThread "Execution worker for ':' Thread 3" [_thread_blocked, id=4032, stack(0x0000005a1eb00000,0x0000005a1ec00000)]
  0x0000021ac323c000 JavaThread "Execution worker for ':' Thread 4" [_thread_blocked, id=9156, stack(0x0000005a1ec00000,0x0000005a1ed00000)]
  0x0000021ac3236800 JavaThread "Execution worker for ':' Thread 5" [_thread_blocked, id=2536, stack(0x0000005a1ed00000,0x0000005a1ee00000)]
  0x0000021ac323d000 JavaThread "Execution worker for ':' Thread 6" [_thread_blocked, id=9276, stack(0x0000005a1ee00000,0x0000005a1ef00000)]
  0x0000021ac3237000 JavaThread "Execution worker for ':' Thread 7" [_thread_blocked, id=2752, stack(0x0000005a1ef00000,0x0000005a1f000000)]
  0x0000021ac323d800 JavaThread "Cache worker for execution history cache (C:\Users\LENOVO\AndroidStudioProjects\AtelierEducatif\.gradle\7.2\executionHistory)" [_thread_blocked, id=6056, stack(0x0000005a1f000000,0x0000005a1f100000)]
  0x0000021ac3235000 JavaThread "Cache worker for Java compile cache (C:\Users\LENOVO\.gradle\caches\7.2\javaCompile)" [_thread_blocked, id=13736, stack(0x0000005a18100000,0x0000005a18200000)]
  0x0000021ac323e800 JavaThread "Build operations" [_thread_blocked, id=11632, stack(0x0000005a1e400000,0x0000005a1e500000)]
  0x0000021ac323f800 JavaThread "Build operations Thread 2" [_thread_blocked, id=11924, stack(0x0000005a1f300000,0x0000005a1f400000)]
  0x0000021abf1ed000 JavaThread "Build operations Thread 3" [_thread_blocked, id=5516, stack(0x0000005a1f400000,0x0000005a1f500000)]
  0x0000021abf1ed800 JavaThread "Build operations Thread 4" [_thread_blocked, id=11528, stack(0x0000005a1f500000,0x0000005a1f600000)]
  0x0000021abf1ec000 JavaThread "Build operations Thread 5" [_thread_blocked, id=13832, stack(0x0000005a1f600000,0x0000005a1f700000)]
  0x0000021abf1ee800 JavaThread "Build operations Thread 6" [_thread_blocked, id=5300, stack(0x0000005a1f700000,0x0000005a1f800000)]
  0x0000021abf1ea800 JavaThread "Build operations Thread 7" [_thread_blocked, id=4504, stack(0x0000005a1f800000,0x0000005a1f900000)]
  0x0000021abf1eb000 JavaThread "Build operations Thread 8" [_thread_blocked, id=11504, stack(0x0000005a1f900000,0x0000005a1fa00000)]
  0x0000021abf1ef000 JavaThread "C2 CompilerThread1" daemon [_thread_blocked, id=13632, stack(0x0000005a1fa00000,0x0000005a1fb00000)]
  0x0000021abf1f0000 JavaThread "C2 CompilerThread2" daemon [_thread_blocked, id=13144, stack(0x0000005a1fb00000,0x0000005a1fc00000)]

Other Threads:
=>0x0000021abb8b4800 VMThread "VM Thread" [stack: 0x0000005a16100000,0x0000005a16200000] [id=2720]
  0x0000021abc3e0000 WatcherThread [stack: 0x0000005a16b00000,0x0000005a16c00000] [id=11976]
  0x0000021a9f4ba000 GCTaskThread "GC Thread#0" [stack: 0x0000005a15c00000,0x0000005a15d00000] [id=10980]
  0x0000021abd70d000 GCTaskThread "GC Thread#1" [stack: 0x0000005a16e00000,0x0000005a16f00000] [id=11820]
  0x0000021abd89a800 GCTaskThread "GC Thread#2" [stack: 0x0000005a16f00000,0x0000005a17000000] [id=988]
  0x0000021abddeb800 GCTaskThread "GC Thread#3" [stack: 0x0000005a17800000,0x0000005a17900000] [id=7272]
  0x0000021abc437800 GCTaskThread "GC Thread#4" [stack: 0x0000005a17900000,0x0000005a17a00000] [id=4640]
  0x0000021abdcde800 GCTaskThread "GC Thread#5" [stack: 0x0000005a17a00000,0x0000005a17b00000] [id=276]
  0x0000021abdcdf000 GCTaskThread "GC Thread#6" [stack: 0x0000005a17b00000,0x0000005a17c00000] [id=4492]
  0x0000021abd390800 GCTaskThread "GC Thread#7" [stack: 0x0000005a17c00000,0x0000005a17d00000] [id=4632]
  0x0000021a9f4ec000 ConcurrentGCThread "G1 Main Marker" [stack: 0x0000005a15d00000,0x0000005a15e00000] [id=3912]
  0x0000021a9f4ed800 ConcurrentGCThread "G1 Conc#0" [stack: 0x0000005a15e00000,0x0000005a15f00000] [id=9876]
  0x0000021abf17b800 ConcurrentGCThread "G1 Conc#1" [stack: 0x0000005a18000000,0x0000005a18100000] [id=5960]
  0x0000021abb700800 ConcurrentGCThread "G1 Refine#0" [stack: 0x0000005a15f00000,0x0000005a16000000] [id=8644]
  0x0000021abb701000 ConcurrentGCThread "G1 Young RemSet Sampling" [stack: 0x0000005a16000000,0x0000005a16100000] [id=8776]

Threads with active compile tasks:
C2 CompilerThread0  44125 10060       4       org.gradle.api.internal.tasks.compile.incremental.serialization.HierarchicalNameSerializer::readName (51 bytes)
C2 CompilerThread1  44126 10064       4       org.gradle.api.internal.tasks.compile.incremental.serialization.HierarchicalNameSerializer::read (20 bytes)
C2 CompilerThread2  44126 10078       4       org.gradle.api.internal.tasks.compile.incremental.serialization.HierarchicalNameSerializer::readFirstOccurrenceOfName (60 bytes)

VM state:at safepoint (normal execution)

VM Mutex/Monitor currently owned by a thread:  ([mutex/lock_event])
[0x0000021a9f49dd30] Threads_lock - owner thread: 0x0000021abb8b4800
[0x0000021a9f49e7e0] Compile_lock - owner thread: 0x0000021ac3239000

Heap address: 0x0000000080000000, size: 2048 MB, Compressed Oops mode: 32-bit
Narrow klass base: 0x0000000000000000, Narrow klass shift: 3
Compressed class space size: 1073741824 Address: 0x0000000100000000

Heap:
 garbage-first heap   total 189440K, used 130128K [0x0000000080000000, 0x0000000100000000)
  region size 1024K, 64 young (65536K), 5 survivors (5120K)
 Metaspace       used 85911K, capacity 88133K, committed 88404K, reserved 1126400K
  class space    used 11111K, capacity 11956K, committed 12032K, reserved 1048576K
Heap Regions: E=young(eden), S=young(survivor), O=old, HS=humongous(starts), HC=humongous(continues), CS=collection set, F=free, A=archive, TAMS=top-at-mark-start (previous, next)
|   0|0x0000000080000000, 0x0000000080100000, 0x0000000080100000|100%| O|  |TAMS 0x0000000080100000, 0x0000000080000000| Untracked 
|   1|0x0000000080100000, 0x0000000080200000, 0x0000000080200000|100%| O|  |TAMS 0x0000000080200000, 0x0000000080100000| Untracked 
|   2|0x0000000080200000, 0x0000000080300000, 0x0000000080300000|100%| O|  |TAMS 0x0000000080300000, 0x0000000080200000| Untracked 
|   3|0x0000000080300000, 0x0000000080400000, 0x0000000080400000|100%|HS|  |TAMS 0x0000000080400000, 0x0000000080300000| Complete 
|   4|0x0000000080400000, 0x0000000080500000, 0x0000000080500000|100%|HC|  |TAMS 0x0000000080500000, 0x0000000080400000| Complete 
|   5|0x0000000080500000, 0x0000000080600000, 0x0000000080600000|100%|HC|  |TAMS 0x0000000080600000, 0x0000000080500000| Complete 
|   6|0x0000000080600000, 0x0000000080700000, 0x0000000080700000|100%| O|  |TAMS 0x0000000080700000, 0x0000000080600000| Untracked 
|   7|0x0000000080700000, 0x0000000080800000, 0x0000000080800000|100%| O|  |TAMS 0x0000000080800000, 0x0000000080700000| Untracked 
|   8|0x0000000080800000, 0x0000000080900000, 0x0000000080900000|100%| O|  |TAMS 0x0000000080900000, 0x0000000080800000| Untracked 
|   9|0x0000000080900000, 0x0000000080a00000, 0x0000000080a00000|100%| O|  |TAMS 0x0000000080a00000, 0x0000000080900000| Untracked 
|  10|0x0000000080a00000, 0x0000000080b00000, 0x0000000080b00000|100%| O|  |TAMS 0x0000000080b00000, 0x0000000080a00000| Untracked 
|  11|0x0000000080b00000, 0x0000000080c00000, 0x0000000080c00000|100%| O|  |TAMS 0x0000000080c00000, 0x0000000080b00000| Untracked 
|  12|0x0000000080c00000, 0x0000000080d00000, 0x0000000080d00000|100%| O|  |TAMS 0x0000000080d00000, 0x0000000080c00000| Untracked 
|  13|0x0000000080d00000, 0x0000000080e00000, 0x0000000080e00000|100%| O|  |TAMS 0x0000000080e00000, 0x0000000080d00000| Untracked 
|  14|0x0000000080e00000, 0x0000000080f00000, 0x0000000080f00000|100%| O|  |TAMS 0x0000000080f00000, 0x0000000080e00000| Untracked 
|  15|0x0000000080f00000, 0x0000000081000000, 0x0000000081000000|100%| O|  |TAMS 0x0000000081000000, 0x0000000080f00000| Untracked 
|  16|0x0000000081000000, 0x0000000081100000, 0x0000000081100000|100%|HS|  |TAMS 0x0000000081100000, 0x0000000081000000| Complete 
|  17|0x0000000081100000, 0x0000000081200000, 0x0000000081200000|100%| O|  |TAMS 0x0000000081200000, 0x0000000081100000| Untracked 
|  18|0x0000000081200000, 0x0000000081300000, 0x0000000081300000|100%| O|  |TAMS 0x0000000081300000, 0x0000000081200000| Untracked 
|  19|0x0000000081300000, 0x0000000081400000, 0x0000000081400000|100%| O|  |TAMS 0x0000000081400000, 0x0000000081300000| Untracked 
|  20|0x0000000081400000, 0x0000000081500000, 0x0000000081500000|100%| O|  |TAMS 0x0000000081500000, 0x0000000081400000| Untracked 
|  21|0x0000000081500000, 0x0000000081600000, 0x0000000081600000|100%| O|  |TAMS 0x0000000081600000, 0x0000000081500000| Untracked 
|  22|0x0000000081600000, 0x0000000081700000, 0x0000000081700000|100%| O|  |TAMS 0x0000000081700000, 0x0000000081600000| Untracked 
|  23|0x0000000081700000, 0x0000000081800000, 0x0000000081800000|100%| O|  |TAMS 0x0000000081800000, 0x0000000081700000| Untracked 
|  24|0x0000000081800000, 0x0000000081900000, 0x0000000081900000|100%| O|  |TAMS 0x0000000081900000, 0x0000000081800000| Untracked 
|  25|0x0000000081900000, 0x0000000081a00000, 0x0000000081a00000|100%| O|  |TAMS 0x0000000081a00000, 0x0000000081900000| Untracked 
|  26|0x0000000081a00000, 0x0000000081b00000, 0x0000000081b00000|100%| O|  |TAMS 0x0000000081b00000, 0x0000000081a00000| Untracked 
|  27|0x0000000081b00000, 0x0000000081c00000, 0x0000000081c00000|100%| O|  |TAMS 0x0000000081c00000, 0x0000000081b00000| Untracked 
|  28|0x0000000081c00000, 0x0000000081d00000, 0x0000000081d00000|100%|HS|  |TAMS 0x0000000081d00000, 0x0000000081c00000| Complete 
|  29|0x0000000081d00000, 0x0000000081e00000, 0x0000000081e00000|100%|HS|  |TAMS 0x0000000081e00000, 0x0000000081d00000| Complete 
|  30|0x0000000081e00000, 0x0000000081f00000, 0x0000000081f00000|100%|HS|  |TAMS 0x0000000081f00000, 0x0000000081e00000| Complete 
|  31|0x0000000081f00000, 0x0000000082000000, 0x0000000082000000|100%|HC|  |TAMS 0x0000000082000000, 0x0000000081f00000| Complete 
|  32|0x0000000082000000, 0x0000000082100000, 0x0000000082100000|100%| O|  |TAMS 0x0000000082100000, 0x0000000082000000| Untracked 
|  33|0x0000000082100000, 0x0000000082200000, 0x0000000082200000|100%| O|  |TAMS 0x0000000082200000, 0x0000000082100000| Untracked 
|  34|0x0000000082200000, 0x0000000082300000, 0x0000000082300000|100%| O|  |TAMS 0x0000000082300000, 0x0000000082200000| Untracked 
|  35|0x0000000082300000, 0x0000000082400000, 0x0000000082400000|100%| O|  |TAMS 0x0000000082400000, 0x0000000082300000| Untracked 
|  36|0x0000000082400000, 0x0000000082500000, 0x0000000082500000|100%| O|  |TAMS 0x0000000082500000, 0x0000000082400000| Untracked 
|  37|0x0000000082500000, 0x0000000082600000, 0x0000000082600000|100%| O|  |TAMS 0x0000000082600000, 0x0000000082500000| Untracked 
|  38|0x0000000082600000, 0x0000000082700000, 0x0000000082700000|100%| O|  |TAMS 0x0000000082700000, 0x0000000082600000| Untracked 
|  39|0x0000000082700000, 0x0000000082800000, 0x0000000082800000|100%| O|  |TAMS 0x0000000082800000, 0x0000000082700000| Untracked 
|  40|0x0000000082800000, 0x0000000082900000, 0x0000000082900000|100%| O|  |TAMS 0x0000000082900000, 0x0000000082800000| Untracked 
|  41|0x0000000082900000, 0x0000000082a00000, 0x0000000082a00000|100%| O|  |TAMS 0x00000000829b6e00, 0x0000000082900000| Untracked 
|  42|0x0000000082a00000, 0x0000000082b00000, 0x0000000082b00000|100%| O|  |TAMS 0x0000000082a00000, 0x0000000082a00000| Untracked 
|  43|0x0000000082b00000, 0x0000000082c00000, 0x0000000082c00000|100%| O|  |TAMS 0x0000000082b00000, 0x0000000082b00000| Untracked 
|  44|0x0000000082c00000, 0x0000000082d00000, 0x0000000082d00000|100%| O|  |TAMS 0x0000000082c00000, 0x0000000082c00000| Untracked 
|  45|0x0000000082d00000, 0x0000000082e00000, 0x0000000082e00000|100%| O|  |TAMS 0x0000000082d00000, 0x0000000082d00000| Untracked 
|  46|0x0000000082e00000, 0x0000000082f00000, 0x0000000082f00000|100%| O|  |TAMS 0x0000000082e00000, 0x0000000082e00000| Untracked 
|  47|0x0000000082f00000, 0x0000000083000000, 0x0000000083000000|100%| O|  |TAMS 0x0000000082f00000, 0x0000000082f00000| Untracked 
|  48|0x0000000083000000, 0x0000000083100000, 0x0000000083100000|100%| O|  |TAMS 0x0000000083000000, 0x0000000083000000| Untracked 
|  49|0x0000000083100000, 0x0000000083200000, 0x0000000083200000|100%| O|  |TAMS 0x0000000083100000, 0x0000000083100000| Untracked 
|  50|0x0000000083200000, 0x0000000083300000, 0x0000000083300000|100%| O|  |TAMS 0x0000000083200000, 0x0000000083200000| Untracked 
|  51|0x0000000083300000, 0x0000000083400000, 0x0000000083400000|100%| O|  |TAMS 0x0000000083300000, 0x0000000083300000| Untracked 
|  52|0x0000000083400000, 0x0000000083500000, 0x0000000083500000|100%| O|  |TAMS 0x0000000083400000, 0x0000000083400000| Untracked 
|  53|0x0000000083500000, 0x0000000083600000, 0x0000000083600000|100%| O|  |TAMS 0x0000000083500000, 0x0000000083500000| Untracked 
|  54|0x0000000083600000, 0x0000000083700000, 0x0000000083700000|100%| O|  |TAMS 0x0000000083600000, 0x0000000083600000| Untracked 
|  55|0x0000000083700000, 0x0000000083800000, 0x0000000083800000|100%| O|  |TAMS 0x0000000083700000, 0x0000000083700000| Untracked 
|  56|0x0000000083800000, 0x0000000083900000, 0x0000000083900000|100%| O|  |TAMS 0x0000000083800000, 0x0000000083800000| Untracked 
|  57|0x0000000083900000, 0x0000000083a00000, 0x0000000083a00000|100%| O|  |TAMS 0x0000000083900000, 0x0000000083900000| Untracked 
|  58|0x0000000083a00000, 0x0000000083b00000, 0x0000000083b00000|100%| O|  |TAMS 0x0000000083a00000, 0x0000000083a00000| Untracked 
|  59|0x0000000083b00000, 0x0000000083c00000, 0x0000000083c00000|100%| O|  |TAMS 0x0000000083b00000, 0x0000000083b00000| Untracked 
|  60|0x0000000083c00000, 0x0000000083d00000, 0x0000000083d00000|100%| O|  |TAMS 0x0000000083c00000, 0x0000000083c00000| Untracked 
|  61|0x0000000083d00000, 0x0000000083e00000, 0x0000000083e00000|100%| O|  |TAMS 0x0000000083d00000, 0x0000000083d00000| Untracked 
|  62|0x0000000083e00000, 0x0000000083f00000, 0x0000000083f00000|100%| O|  |TAMS 0x0000000083e00000, 0x0000000083e00000| Untracked 
|  63|0x0000000083f00000, 0x0000000084000000, 0x0000000084000000|100%| O|  |TAMS 0x0000000083f00000, 0x0000000083f00000| Untracked 
|  64|0x0000000084000000, 0x0000000084100000, 0x0000000084100000|100%| O|  |TAMS 0x0000000084000000, 0x0000000084000000| Untracked 
|  65|0x0000000084100000, 0x0000000084114200, 0x0000000084200000|  7%| O|  |TAMS 0x0000000084100000, 0x0000000084100000| Untracked 
|  66|0x0000000084200000, 0x0000000084200000, 0x0000000084300000|  0%| F|  |TAMS 0x0000000084200000, 0x0000000084200000| Untracked 
|  67|0x0000000084300000, 0x0000000084300000, 0x0000000084400000|  0%| F|  |TAMS 0x0000000084300000, 0x0000000084300000| Untracked 
|  68|0x0000000084400000, 0x0000000084400000, 0x0000000084500000|  0%| F|  |TAMS 0x0000000084400000, 0x0000000084400000| Untracked 
|  69|0x0000000084500000, 0x0000000084500000, 0x0000000084600000|  0%| F|  |TAMS 0x0000000084500000, 0x0000000084500000| Untracked 
|  70|0x0000000084600000, 0x0000000084600000, 0x0000000084700000|  0%| F|  |TAMS 0x0000000084600000, 0x0000000084600000| Untracked 
|  71|0x0000000084700000, 0x0000000084700000, 0x0000000084800000|  0%| F|  |TAMS 0x0000000084700000, 0x0000000084700000| Untracked 
|  72|0x0000000084800000, 0x0000000084800000, 0x0000000084900000|  0%| F|  |TAMS 0x0000000084800000, 0x0000000084800000| Untracked 
|  73|0x0000000084900000, 0x0000000084900000, 0x0000000084a00000|  0%| F|  |TAMS 0x0000000084900000, 0x0000000084900000| Untracked 
|  74|0x0000000084a00000, 0x0000000084a00000, 0x0000000084b00000|  0%| F|  |TAMS 0x0000000084a00000, 0x0000000084a00000| Untracked 
|  75|0x0000000084b00000, 0x0000000084b00000, 0x0000000084c00000|  0%| F|  |TAMS 0x0000000084b00000, 0x0000000084b00000| Untracked 
|  76|0x0000000084c00000, 0x0000000084c00000, 0x0000000084d00000|  0%| F|  |TAMS 0x0000000084c00000, 0x0000000084c00000| Untracked 
|  77|0x0000000084d00000, 0x0000000084d00000, 0x0000000084e00000|  0%| F|  |TAMS 0x0000000084d00000, 0x0000000084d00000| Untracked 
|  78|0x0000000084e00000, 0x0000000084e00000, 0x0000000084f00000|  0%| F|  |TAMS 0x0000000084e00000, 0x0000000084e00000| Untracked 
|  79|0x0000000084f00000, 0x0000000084f00000, 0x0000000085000000|  0%| F|  |TAMS 0x0000000084f00000, 0x0000000084f00000| Untracked 
|  80|0x0000000085000000, 0x0000000085000000, 0x0000000085100000|  0%| F|  |TAMS 0x0000000085000000, 0x0000000085000000| Untracked 
|  81|0x0000000085100000, 0x0000000085100000, 0x0000000085200000|  0%| F|  |TAMS 0x0000000085100000, 0x0000000085100000| Untracked 
|  82|0x0000000085200000, 0x0000000085200000, 0x0000000085300000|  0%| F|  |TAMS 0x0000000085200000, 0x0000000085200000| Untracked 
|  83|0x0000000085300000, 0x0000000085300000, 0x0000000085400000|  0%| F|  |TAMS 0x0000000085300000, 0x0000000085300000| Untracked 
|  84|0x0000000085400000, 0x0000000085400000, 0x0000000085500000|  0%| F|  |TAMS 0x0000000085400000, 0x0000000085400000| Untracked 
|  85|0x0000000085500000, 0x0000000085500000, 0x0000000085600000|  0%| F|  |TAMS 0x0000000085500000, 0x0000000085500000| Untracked 
|  86|0x0000000085600000, 0x0000000085600000, 0x0000000085700000|  0%| F|  |TAMS 0x0000000085600000, 0x0000000085600000| Untracked 
|  87|0x0000000085700000, 0x0000000085700000, 0x0000000085800000|  0%| F|  |TAMS 0x0000000085700000, 0x0000000085700000| Untracked 
|  88|0x0000000085800000, 0x0000000085800000, 0x0000000085900000|  0%| F|  |TAMS 0x0000000085800000, 0x0000000085800000| Untracked 
|  89|0x0000000085900000, 0x0000000085a00000, 0x0000000085a00000|100%| S|CS|TAMS 0x0000000085900000, 0x0000000085900000| Complete 
|  90|0x0000000085a00000, 0x0000000085a00000, 0x0000000085b00000|  0%| F|  |TAMS 0x0000000085a00000, 0x0000000085a00000| Untracked 
|  91|0x0000000085b00000, 0x0000000085b00000, 0x0000000085c00000|  0%| F|  |TAMS 0x0000000085b00000, 0x0000000085b00000| Untracked 
|  92|0x0000000085c00000, 0x0000000085d00000, 0x0000000085d00000|100%| S|CS|TAMS 0x0000000085c00000, 0x0000000085c00000| Complete 
|  93|0x0000000085d00000, 0x0000000085e00000, 0x0000000085e00000|100%| S|CS|TAMS 0x0000000085d00000, 0x0000000085d00000| Complete 
|  94|0x0000000085e00000, 0x0000000085f00000, 0x0000000085f00000|100%| S|CS|TAMS 0x0000000085e00000, 0x0000000085e00000| Complete 
|  95|0x0000000085f00000, 0x0000000086000000, 0x0000000086000000|100%| S|CS|TAMS 0x0000000085f00000, 0x0000000085f00000| Complete 
|  96|0x0000000086000000, 0x0000000086000000, 0x0000000086100000|  0%| F|  |TAMS 0x0000000086000000, 0x0000000086000000| Untracked 
|  97|0x0000000086100000, 0x0000000086100000, 0x0000000086200000|  0%| F|  |TAMS 0x0000000086100000, 0x0000000086100000| Untracked 
|  98|0x0000000086200000, 0x0000000086200000, 0x0000000086300000|  0%| F|  |TAMS 0x0000000086200000, 0x0000000086200000| Untracked 
|  99|0x0000000086300000, 0x0000000086300000, 0x0000000086400000|  0%| F|  |TAMS 0x0000000086300000, 0x0000000086300000| Untracked 
| 100|0x0000000086400000, 0x0000000086400000, 0x0000000086500000|  0%| F|  |TAMS 0x0000000086400000, 0x0000000086400000| Untracked 
| 101|0x0000000086500000, 0x0000000086500000, 0x0000000086600000|  0%| F|  |TAMS 0x0000000086500000, 0x0000000086500000| Untracked 
| 102|0x0000000086600000, 0x0000000086600000, 0x0000000086700000|  0%| F|  |TAMS 0x0000000086600000, 0x0000000086600000| Untracked 
| 103|0x0000000086700000, 0x0000000086700000, 0x0000000086800000|  0%| F|  |TAMS 0x0000000086700000, 0x0000000086700000| Untracked 
| 104|0x0000000086800000, 0x0000000086800000, 0x0000000086900000|  0%| F|  |TAMS 0x0000000086800000, 0x0000000086800000| Untracked 
| 105|0x0000000086900000, 0x0000000086900000, 0x0000000086a00000|  0%| F|  |TAMS 0x0000000086900000, 0x0000000086900000| Untracked 
| 106|0x0000000086a00000, 0x0000000086a00000, 0x0000000086b00000|  0%| F|  |TAMS 0x0000000086a00000, 0x0000000086a00000| Untracked 
| 107|0x0000000086b00000, 0x0000000086b00000, 0x0000000086c00000|  0%| F|  |TAMS 0x0000000086b00000, 0x0000000086b00000| Untracked 
| 108|0x0000000086c00000, 0x0000000086c00000, 0x0000000086d00000|  0%| F|  |TAMS 0x0000000086c00000, 0x0000000086c00000| Untracked 
| 109|0x0000000086d00000, 0x0000000086d00000, 0x0000000086e00000|  0%| F|  |TAMS 0x0000000086d00000, 0x0000000086d00000| Untracked 
| 110|0x0000000086e00000, 0x0000000086e00000, 0x0000000086f00000|  0%| F|  |TAMS 0x0000000086e00000, 0x0000000086e00000| Untracked 
| 111|0x0000000086f00000, 0x0000000086f00000, 0x0000000087000000|  0%| F|  |TAMS 0x0000000086f00000, 0x0000000086f00000| Untracked 
| 112|0x0000000087000000, 0x0000000087000000, 0x0000000087100000|  0%| F|  |TAMS 0x0000000087000000, 0x0000000087000000| Untracked 
| 113|0x0000000087100000, 0x0000000087100000, 0x0000000087200000|  0%| F|  |TAMS 0x0000000087100000, 0x0000000087100000| Untracked 
| 114|0x0000000087200000, 0x0000000087200000, 0x0000000087300000|  0%| F|  |TAMS 0x0000000087200000, 0x0000000087200000| Untracked 
| 115|0x0000000087300000, 0x0000000087300000, 0x0000000087400000|  0%| F|  |TAMS 0x0000000087300000, 0x0000000087300000| Untracked 
| 116|0x0000000087400000, 0x0000000087400000, 0x0000000087500000|  0%| F|  |TAMS 0x0000000087400000, 0x0000000087400000| Untracked 
| 117|0x0000000087500000, 0x0000000087500000, 0x0000000087600000|  0%| F|  |TAMS 0x0000000087500000, 0x0000000087500000| Untracked 
| 118|0x0000000087600000, 0x0000000087600000, 0x0000000087700000|  0%| F|  |TAMS 0x0000000087600000, 0x0000000087600000| Untracked 
| 119|0x0000000087700000, 0x0000000087700000, 0x0000000087800000|  0%| F|  |TAMS 0x0000000087700000, 0x0000000087700000| Untracked 
| 120|0x0000000087800000, 0x0000000087800000, 0x0000000087900000|  0%| F|  |TAMS 0x0000000087800000, 0x0000000087800000| Untracked 
| 121|0x0000000087900000, 0x0000000087900000, 0x0000000087a00000|  0%| F|  |TAMS 0x0000000087900000, 0x0000000087900000| Untracked 
| 122|0x0000000087a00000, 0x0000000087a00000, 0x0000000087b00000|  0%| F|  |TAMS 0x0000000087a00000, 0x0000000087a00000| Untracked 
| 123|0x0000000087b00000, 0x0000000087b00000, 0x0000000087c00000|  0%| F|  |TAMS 0x0000000087b00000, 0x0000000087b00000| Untracked 
| 124|0x0000000087c00000, 0x0000000087c00000, 0x0000000087d00000|  0%| F|  |TAMS 0x0000000087c00000, 0x0000000087c00000| Untracked 
| 125|0x0000000087d00000, 0x0000000087d00000, 0x0000000087e00000|  0%| F|  |TAMS 0x0000000087d00000, 0x0000000087d00000| Untracked 
| 126|0x0000000087e00000, 0x0000000087edcca0, 0x0000000087f00000| 86%| E|  |TAMS 0x0000000087e00000, 0x0000000087e00000| Complete 
| 127|0x0000000087f00000, 0x0000000088000000, 0x0000000088000000|100%| E|CS|TAMS 0x0000000087f00000, 0x0000000087f00000| Complete 
| 128|0x0000000088000000, 0x0000000088100000, 0x0000000088100000|100%| E|CS|TAMS 0x0000000088000000, 0x0000000088000000| Complete 
| 129|0x0000000088100000, 0x0000000088200000, 0x0000000088200000|100%| E|CS|TAMS 0x0000000088100000, 0x0000000088100000| Complete 
| 130|0x0000000088200000, 0x0000000088300000, 0x0000000088300000|100%| E|CS|TAMS 0x0000000088200000, 0x0000000088200000| Complete 
| 131|0x0000000088300000, 0x0000000088400000, 0x0000000088400000|100%| E|CS|TAMS 0x0000000088300000, 0x0000000088300000| Complete 
| 132|0x0000000088400000, 0x0000000088500000, 0x0000000088500000|100%| E|CS|TAMS 0x0000000088400000, 0x0000000088400000| Complete 
| 133|0x0000000088500000, 0x0000000088600000, 0x0000000088600000|100%| E|CS|TAMS 0x0000000088500000, 0x0000000088500000| Complete 
| 134|0x0000000088600000, 0x0000000088700000, 0x0000000088700000|100%| E|CS|TAMS 0x0000000088600000, 0x0000000088600000| Complete 
| 135|0x0000000088700000, 0x0000000088800000, 0x0000000088800000|100%| E|CS|TAMS 0x0000000088700000, 0x0000000088700000| Complete 
| 136|0x0000000088800000, 0x0000000088900000, 0x0000000088900000|100%| E|CS|TAMS 0x0000000088800000, 0x0000000088800000| Complete 
| 137|0x0000000088900000, 0x0000000088a00000, 0x0000000088a00000|100%| E|CS|TAMS 0x0000000088900000, 0x0000000088900000| Complete 
| 138|0x0000000088a00000, 0x0000000088b00000, 0x0000000088b00000|100%| E|CS|TAMS 0x0000000088a00000, 0x0000000088a00000| Complete 
| 139|0x0000000088b00000, 0x0000000088c00000, 0x0000000088c00000|100%| E|CS|TAMS 0x0000000088b00000, 0x0000000088b00000| Complete 
| 140|0x0000000088c00000, 0x0000000088d00000, 0x0000000088d00000|100%| E|CS|TAMS 0x0000000088c00000, 0x0000000088c00000| Complete 
| 141|0x0000000088d00000, 0x0000000088e00000, 0x0000000088e00000|100%| E|CS|TAMS 0x0000000088d00000, 0x0000000088d00000| Complete 
| 142|0x0000000088e00000, 0x0000000088f00000, 0x0000000088f00000|100%| E|CS|TAMS 0x0000000088e00000, 0x0000000088e00000| Complete 
| 143|0x0000000088f00000, 0x0000000089000000, 0x0000000089000000|100%| E|CS|TAMS 0x0000000088f00000, 0x0000000088f00000| Complete 
| 144|0x0000000089000000, 0x0000000089100000, 0x0000000089100000|100%| E|CS|TAMS 0x0000000089000000, 0x0000000089000000| Complete 
| 145|0x0000000089100000, 0x0000000089200000, 0x0000000089200000|100%| E|CS|TAMS 0x0000000089100000, 0x0000000089100000| Complete 
| 146|0x0000000089200000, 0x0000000089300000, 0x0000000089300000|100%| E|CS|TAMS 0x0000000089200000, 0x0000000089200000| Complete 
| 147|0x0000000089300000, 0x0000000089400000, 0x0000000089400000|100%| E|CS|TAMS 0x0000000089300000, 0x0000000089300000| Complete 
| 148|0x0000000089400000, 0x0000000089500000, 0x0000000089500000|100%| E|CS|TAMS 0x0000000089400000, 0x0000000089400000| Complete 
| 149|0x0000000089500000, 0x0000000089600000, 0x0000000089600000|100%| E|CS|TAMS 0x0000000089500000, 0x0000000089500000| Complete 
| 150|0x0000000089600000, 0x0000000089700000, 0x0000000089700000|100%| E|CS|TAMS 0x0000000089600000, 0x0000000089600000| Complete 
| 151|0x0000000089700000, 0x0000000089800000, 0x0000000089800000|100%| E|CS|TAMS 0x0000000089700000, 0x0000000089700000| Complete 
| 152|0x0000000089800000, 0x0000000089900000, 0x0000000089900000|100%| E|CS|TAMS 0x0000000089800000, 0x0000000089800000| Complete 
| 153|0x0000000089900000, 0x0000000089a00000, 0x0000000089a00000|100%| E|CS|TAMS 0x0000000089900000, 0x0000000089900000| Complete 
| 154|0x0000000089a00000, 0x0000000089b00000, 0x0000000089b00000|100%| E|  |TAMS 0x0000000089a00000, 0x0000000089a00000| Complete 
| 155|0x0000000089b00000, 0x0000000089c00000, 0x0000000089c00000|100%| E|CS|TAMS 0x0000000089b00000, 0x0000000089b00000| Complete 
| 156|0x0000000089c00000, 0x0000000089d00000, 0x0000000089d00000|100%| E|CS|TAMS 0x0000000089c00000, 0x0000000089c00000| Complete 
| 157|0x0000000089d00000, 0x0000000089e00000, 0x0000000089e00000|100%| E|CS|TAMS 0x0000000089d00000, 0x0000000089d00000| Complete 
| 158|0x0000000089e00000, 0x0000000089f00000, 0x0000000089f00000|100%| E|CS|TAMS 0x0000000089e00000, 0x0000000089e00000| Complete 
| 159|0x0000000089f00000, 0x000000008a000000, 0x000000008a000000|100%| E|CS|TAMS 0x0000000089f00000, 0x0000000089f00000| Complete 
| 160|0x000000008a000000, 0x000000008a100000, 0x000000008a100000|100%| E|CS|TAMS 0x000000008a000000, 0x000000008a000000| Complete 
| 161|0x000000008a100000, 0x000000008a200000, 0x000000008a200000|100%| E|CS|TAMS 0x000000008a100000, 0x000000008a100000| Complete 
| 162|0x000000008a200000, 0x000000008a300000, 0x000000008a300000|100%| E|CS|TAMS 0x000000008a200000, 0x000000008a200000| Complete 
| 163|0x000000008a300000, 0x000000008a400000, 0x000000008a400000|100%| E|CS|TAMS 0x000000008a300000, 0x000000008a300000| Complete 
| 164|0x000000008a400000, 0x000000008a500000, 0x000000008a500000|100%| E|CS|TAMS 0x000000008a400000, 0x000000008a400000| Complete 
| 165|0x000000008a500000, 0x000000008a600000, 0x000000008a600000|100%| E|CS|TAMS 0x000000008a500000, 0x000000008a500000| Complete 
| 166|0x000000008a600000, 0x000000008a700000, 0x000000008a700000|100%| E|CS|TAMS 0x000000008a600000, 0x000000008a600000| Complete 
| 167|0x000000008a700000, 0x000000008a800000, 0x000000008a800000|100%| E|CS|TAMS 0x000000008a700000, 0x000000008a700000| Complete 
| 168|0x000000008a800000, 0x000000008a900000, 0x000000008a900000|100%| E|CS|TAMS 0x000000008a800000, 0x000000008a800000| Complete 
| 169|0x000000008a900000, 0x000000008aa00000, 0x000000008aa00000|100%| E|CS|TAMS 0x000000008a900000, 0x000000008a900000| Complete 
| 170|0x000000008aa00000, 0x000000008ab00000, 0x000000008ab00000|100%| E|CS|TAMS 0x000000008aa00000, 0x000000008aa00000| Complete 
| 171|0x000000008ab00000, 0x000000008ac00000, 0x000000008ac00000|100%| E|CS|TAMS 0x000000008ab00000, 0x000000008ab00000| Complete 
| 172|0x000000008ac00000, 0x000000008ad00000, 0x000000008ad00000|100%| E|CS|TAMS 0x000000008ac00000, 0x000000008ac00000| Complete 
| 173|0x000000008ad00000, 0x000000008ae00000, 0x000000008ae00000|100%| E|CS|TAMS 0x000000008ad00000, 0x000000008ad00000| Complete 
| 174|0x000000008ae00000, 0x000000008af00000, 0x000000008af00000|100%| E|CS|TAMS 0x000000008ae00000, 0x000000008ae00000| Complete 
| 175|0x000000008af00000, 0x000000008b000000, 0x000000008b000000|100%| E|CS|TAMS 0x000000008af00000, 0x000000008af00000| Complete 
| 176|0x000000008b000000, 0x000000008b100000, 0x000000008b100000|100%| E|CS|TAMS 0x000000008b000000, 0x000000008b000000| Complete 
| 177|0x000000008b100000, 0x000000008b200000, 0x000000008b200000|100%| E|CS|TAMS 0x000000008b100000, 0x000000008b100000| Complete 
| 178|0x000000008b200000, 0x000000008b300000, 0x000000008b300000|100%| E|CS|TAMS 0x000000008b200000, 0x000000008b200000| Complete 
| 179|0x000000008b300000, 0x000000008b400000, 0x000000008b400000|100%| E|CS|TAMS 0x000000008b300000, 0x000000008b300000| Complete 
| 180|0x000000008b400000, 0x000000008b500000, 0x000000008b500000|100%| E|CS|TAMS 0x000000008b400000, 0x000000008b400000| Complete 
| 181|0x000000008b500000, 0x000000008b600000, 0x000000008b600000|100%| E|CS|TAMS 0x000000008b500000, 0x000000008b500000| Complete 
| 182|0x000000008b600000, 0x000000008b700000, 0x000000008b700000|100%| E|CS|TAMS 0x000000008b600000, 0x000000008b600000| Complete 
| 183|0x000000008b700000, 0x000000008b800000, 0x000000008b800000|100%| E|CS|TAMS 0x000000008b700000, 0x000000008b700000| Complete 
| 184|0x000000008b800000, 0x000000008b900000, 0x000000008b900000|100%| E|CS|TAMS 0x000000008b800000, 0x000000008b800000| Complete 

Card table byte_map: [0x0000021ab45e0000,0x0000021ab49e0000] _byte_map_base: 0x0000021ab41e0000

Marking Bits (Prev, Next): (CMBitMap*) 0x0000021a9f4e3578, (CMBitMap*) 0x0000021a9f4e35b0
 Prev Bits: [0x0000021ab4de0000, 0x0000021ab6de0000)
 Next Bits: [0x0000021ab6de0000, 0x0000021ab8de0000)

Polling page: 0x0000021a9f580000

Metaspace:

Usage:
  Non-class:     74.39 MB capacity,    73.05 MB ( 98%) used,     1.10 MB (  1%) free+waste,   253.19 KB ( <1%) overhead. 
      Class:     11.68 MB capacity,    10.85 MB ( 93%) used,   728.78 KB (  6%) free+waste,   115.75 KB ( <1%) overhead. 
       Both:     86.07 MB capacity,    83.90 MB ( 97%) used,     1.81 MB (  2%) free+waste,   368.94 KB ( <1%) overhead. 

Virtual space:
  Non-class space:       76.00 MB reserved,      74.58 MB ( 98%) committed 
      Class space:        1.00 GB reserved,      11.75 MB (  1%) committed 
             Both:        1.07 GB reserved,      86.33 MB (  8%) committed 

Chunk freelists:
   Non-Class:  3.00 KB
       Class:  12.00 KB
        Both:  15.00 KB

MaxMetaspaceSize: 17179869184.00 GB
CompressedClassSpaceSize: 1.00 GB

CodeHeap 'non-profiled nmethods': size=120000Kb used=6116Kb max_used=6116Kb free=113883Kb
 bounds [0x0000021aac240000, 0x0000021aac840000, 0x0000021ab3770000]
CodeHeap 'profiled nmethods': size=120000Kb used=21727Kb max_used=21727Kb free=98272Kb
 bounds [0x0000021aa4d10000, 0x0000021aa6250000, 0x0000021aac240000]
CodeHeap 'non-nmethods': size=5760Kb used=2282Kb max_used=2343Kb free=3477Kb
 bounds [0x0000021aa4770000, 0x0000021aa49e0000, 0x0000021aa4d10000]
 total_blobs=10944 nmethods=10060 adapters=795
 compilation: enabled
              stopped_count=0, restarted_count=0
 full_count=0

Compilation events (20 events):
Event: 43.495 Thread 0x0000021abb8e2000 10131       1       jdk.internal.jimage.decompressor.CompressedResourceHeader::getDecompressorNameOffset (5 bytes)
Event: 43.495 Thread 0x0000021abb8e2000 nmethod 10131 0x0000021aac838510 code [0x0000021aac8386c0, 0x0000021aac838778]
Event: 43.496 Thread 0x0000021abb8e2000 10132       3       jdk.internal.misc.Unsafe::convEndian (16 bytes)
Event: 43.496 Thread 0x0000021abb8e2000 nmethod 10132 0x0000021aa6240c90 code [0x0000021aa6240e40, 0x0000021aa6240fa8]
Event: 43.496 Thread 0x0000021abb8e2000 10133       3       java.nio.HeapByteBuffer::getLong (26 bytes)
Event: 43.498 Thread 0x0000021abb8e2000 nmethod 10133 0x0000021aa6241090 code [0x0000021aa6241280, 0x0000021aa62416d8]
Event: 43.498 Thread 0x0000021abb8e2000 10134       3       jdk.internal.misc.Unsafe::getLongUnaligned (12 bytes)
Event: 43.499 Thread 0x0000021abb8e2000 nmethod 10134 0x0000021aa6241890 code [0x0000021aa6241a60, 0x0000021aa6241c48]
Event: 43.499 Thread 0x0000021abb8e2000 10135       1       jdk.internal.jimage.decompressor.CompressedResourceHeader::getUncompressedSize (5 bytes)
Event: 43.499 Thread 0x0000021abb8e2000 nmethod 10135 0x0000021aac838810 code [0x0000021aac8389c0, 0x0000021aac838a78]
Event: 43.499 Thread 0x0000021abb8e2000 10138       3       java.security.CodeSource::getCertificates (98 bytes)
Event: 43.502 Thread 0x0000021abb8e2000 nmethod 10138 0x0000021aa6241d10 code [0x0000021aa6241f80, 0x0000021aa6242c48]
Event: 43.502 Thread 0x0000021abb8e2000 10136       1       jdk.internal.loader.BuiltinClassLoader$LoadedModule::mref (5 bytes)
Event: 43.502 Thread 0x0000021abb8e2000 nmethod 10136 0x0000021aac838b10 code [0x0000021aac838cc0, 0x0000021aac838d78]
Event: 43.502 Thread 0x0000021abb8e2000 10137       1       jdk.internal.loader.BuiltinClassLoader$LoadedModule::codeSourceURL (5 bytes)
Event: 43.502 Thread 0x0000021abb8e2000 nmethod 10137 0x0000021aac838e10 code [0x0000021aac838fc0, 0x0000021aac839078]
Event: 43.511 Thread 0x0000021abb8e2000 10139       2       java.util.regex.Pattern::split (290 bytes)
Event: 43.520 Thread 0x0000021abb8e2000 nmethod 10139 0x0000021aa6242f10 code [0x0000021aa6243300, 0x0000021aa6244978]
Event: 43.537 Thread 0x0000021abb8e2000 10140       2       java.lang.String::split (324 bytes)
Event: 43.550 Thread 0x0000021abb8e2000 nmethod 10140 0x0000021aa6245610 code [0x0000021aa62459a0, 0x0000021aa6246ed8]

GC Heap History (20 events):
Event: 12.583 GC heap before
{Heap before GC invocations=7 (full 0):
 garbage-first heap   total 131072K, used 87101K [0x0000000080000000, 0x0000000100000000)
  region size 1024K, 68 young (69632K), 7 survivors (7168K)
 Metaspace       used 39546K, capacity 40496K, committed 40784K, reserved 1085440K
  class space    used 5070K, capacity 5428K, committed 5504K, reserved 1048576K
}
Event: 12.613 GC heap after
{Heap after GC invocations=8 (full 0):
 garbage-first heap   total 131072K, used 27783K [0x0000000080000000, 0x0000000100000000)
  region size 1024K, 9 young (9216K), 9 survivors (9216K)
 Metaspace       used 39546K, capacity 40496K, committed 40784K, reserved 1085440K
  class space    used 5070K, capacity 5428K, committed 5504K, reserved 1048576K
}
Event: 15.093 GC heap before
{Heap before GC invocations=8 (full 0):
 garbage-first heap   total 131072K, used 90247K [0x0000000080000000, 0x0000000100000000)
  region size 1024K, 70 young (71680K), 9 survivors (9216K)
 Metaspace       used 45347K, capacity 46416K, committed 46672K, reserved 1089536K
  class space    used 5831K, capacity 6241K, committed 6272K, reserved 1048576K
}
Event: 15.120 GC heap after
{Heap after GC invocations=9 (full 0):
 garbage-first heap   total 131072K, used 29581K [0x0000000080000000, 0x0000000100000000)
  region size 1024K, 3 young (3072K), 3 survivors (3072K)
 Metaspace       used 45347K, capacity 46416K, committed 46672K, reserved 1089536K
  class space    used 5831K, capacity 6241K, committed 6272K, reserved 1048576K
}
Event: 18.159 GC heap before
{Heap before GC invocations=9 (full 0):
 garbage-first heap   total 131072K, used 97165K [0x0000000080000000, 0x0000000100000000)
  region size 1024K, 65 young (66560K), 3 survivors (3072K)
 Metaspace       used 47971K, capacity 49210K, committed 49360K, reserved 1091584K
  class space    used 6134K, capacity 6592K, committed 6656K, reserved 1048576K
}
Event: 18.178 GC heap after
{Heap after GC invocations=10 (full 0):
 garbage-first heap   total 157696K, used 42295K [0x0000000080000000, 0x0000000100000000)
  region size 1024K, 9 young (9216K), 9 survivors (9216K)
 Metaspace       used 47971K, capacity 49210K, committed 49360K, reserved 1091584K
  class space    used 6134K, capacity 6592K, committed 6656K, reserved 1048576K
}
Event: 20.825 GC heap before
{Heap before GC invocations=10 (full 0):
 garbage-first heap   total 157696K, used 111927K [0x0000000080000000, 0x0000000100000000)
  region size 1024K, 77 young (78848K), 9 survivors (9216K)
 Metaspace       used 57508K, capacity 58839K, committed 58960K, reserved 1099776K
  class space    used 7247K, capacity 7763K, committed 7808K, reserved 1048576K
}
Event: 20.855 GC heap after
{Heap after GC invocations=11 (full 0):
 garbage-first heap   total 157696K, used 45921K [0x0000000080000000, 0x0000000100000000)
  region size 1024K, 4 young (4096K), 4 survivors (4096K)
 Metaspace       used 57508K, capacity 58839K, committed 58960K, reserved 1099776K
  class space    used 7247K, capacity 7763K, committed 7808K, reserved 1048576K
}
Event: 21.331 GC heap before
{Heap before GC invocations=11 (full 0):
 garbage-first heap   total 157696K, used 56161K [0x0000000080000000, 0x0000000100000000)
  region size 1024K, 15 young (15360K), 4 survivors (4096K)
 Metaspace       used 58680K, capacity 60071K, committed 60240K, reserved 1101824K
  class space    used 7430K, capacity 7956K, committed 8064K, reserved 1048576K
}
Event: 21.344 GC heap after
{Heap after GC invocations=12 (full 0):
 garbage-first heap   total 157696K, used 46295K [0x0000000080000000, 0x0000000100000000)
  region size 1024K, 4 young (4096K), 4 survivors (4096K)
 Metaspace       used 58680K, capacity 60071K, committed 60240K, reserved 1101824K
  class space    used 7430K, capacity 7956K, committed 8064K, reserved 1048576K
}
Event: 24.453 GC heap before
{Heap before GC invocations=13 (full 0):
 garbage-first heap   total 157696K, used 116951K [0x0000000080000000, 0x0000000100000000)
  region size 1024K, 73 young (74752K), 4 survivors (4096K)
 Metaspace       used 65579K, capacity 66989K, committed 67156K, reserved 1107968K
  class space    used 8304K, capacity 8842K, committed 8960K, reserved 1048576K
}
Event: 24.507 GC heap after
{Heap after GC invocations=14 (full 0):
 garbage-first heap   total 157696K, used 51800K [0x0000000080000000, 0x0000000100000000)
  region size 1024K, 9 young (9216K), 9 survivors (9216K)
 Metaspace       used 65579K, capacity 66989K, committed 67156K, reserved 1107968K
  class space    used 8304K, capacity 8842K, committed 8960K, reserved 1048576K
}
Event: 27.391 GC heap before
{Heap before GC invocations=15 (full 0):
 garbage-first heap   total 157696K, used 120408K [0x0000000080000000, 0x0000000100000000)
  region size 1024K, 76 young (77824K), 9 survivors (9216K)
 Metaspace       used 70731K, capacity 72187K, committed 72276K, reserved 1112064K
  class space    used 9124K, capacity 9695K, committed 9728K, reserved 1048576K
}
Event: 27.431 GC heap after
{Heap after GC invocations=16 (full 0):
 garbage-first heap   total 157696K, used 56703K [0x0000000080000000, 0x0000000100000000)
  region size 1024K, 6 young (6144K), 6 survivors (6144K)
 Metaspace       used 70731K, capacity 72187K, committed 72276K, reserved 1112064K
  class space    used 9124K, capacity 9695K, committed 9728K, reserved 1048576K
}
Event: 30.468 GC heap before
{Heap before GC invocations=16 (full 0):
 garbage-first heap   total 157696K, used 122239K [0x0000000080000000, 0x0000000100000000)
  region size 1024K, 70 young (71680K), 6 survivors (6144K)
 Metaspace       used 76427K, capacity 78117K, committed 78420K, reserved 1118208K
  class space    used 9965K, capacity 10644K, committed 10752K, reserved 1048576K
}
Event: 30.494 GC heap after
{Heap after GC invocations=17 (full 0):
 garbage-first heap   total 157696K, used 60999K [0x0000000080000000, 0x0000000100000000)
  region size 1024K, 5 young (5120K), 5 survivors (5120K)
 Metaspace       used 76427K, capacity 78117K, committed 78420K, reserved 1118208K
  class space    used 9965K, capacity 10644K, committed 10752K, reserved 1048576K
}
Event: 34.059 GC heap before
{Heap before GC invocations=17 (full 0):
 garbage-first heap   total 157696K, used 123463K [0x0000000080000000, 0x0000000100000000)
  region size 1024K, 67 young (68608K), 5 survivors (5120K)
 Metaspace       used 82897K, capacity 84955K, committed 85204K, reserved 1122304K
  class space    used 10770K, capacity 11528K, committed 11648K, reserved 1048576K
}
Event: 34.091 GC heap after
{Heap after GC invocations=18 (full 0):
 garbage-first heap   total 157696K, used 66687K [0x0000000080000000, 0x0000000100000000)
  region size 1024K, 9 young (9216K), 9 survivors (9216K)
 Metaspace       used 82897K, capacity 84955K, committed 85204K, reserved 1122304K
  class space    used 10770K, capacity 11528K, committed 11648K, reserved 1048576K
}
Event: 38.390 GC heap before
{Heap before GC invocations=18 (full 0):
 garbage-first heap   total 157696K, used 125055K [0x0000000080000000, 0x0000000100000000)
  region size 1024K, 67 young (68608K), 9 survivors (9216K)
 Metaspace       used 83793K, capacity 85803K, committed 85972K, reserved 1124352K
  class space    used 10836K, capacity 11613K, committed 11648K, reserved 1048576K
}
Event: 38.458 GC heap after
{Heap after GC invocations=19 (full 0):
 garbage-first heap   total 189440K, used 71760K [0x0000000080000000, 0x0000000100000000)
  region size 1024K, 5 young (5120K), 5 survivors (5120K)
 Metaspace       used 83793K, capacity 85803K, committed 85972K, reserved 1124352K
  class space    used 10836K, capacity 11613K, committed 11648K, reserved 1048576K
}

Deoptimization events (20 events):
Event: 43.291 Thread 0x0000021ac3239000 Uncommon trap: trap_request=0xffffffde fr.pc=0x0000021aac6829dc relative=0x000000000000133c
Event: 43.291 Thread 0x0000021ac3239000 Uncommon trap: reason=class_check action=maybe_recompile pc=0x0000021aac6829dc method=jdk.internal.loader.BuiltinClassLoader.loadClassOrNull(Ljava/lang/String;Z)Ljava/lang/Class; @ 66 c2
Event: 43.291 Thread 0x0000021ac3239000 DEOPT PACKING pc=0x0000021aac6829dc sp=0x0000005a1eaf7110
Event: 43.291 Thread 0x0000021ac3239000 DEOPT UNPACKING pc=0x0000021aa479662f sp=0x0000005a1eaf70d8 mode 2
Event: 43.297 Thread 0x0000021ac3239000 Uncommon trap: trap_request=0xffffffde fr.pc=0x0000021aac6829dc relative=0x000000000000133c
Event: 43.297 Thread 0x0000021ac3239000 Uncommon trap: reason=class_check action=maybe_recompile pc=0x0000021aac6829dc method=jdk.internal.loader.BuiltinClassLoader.loadClassOrNull(Ljava/lang/String;Z)Ljava/lang/Class; @ 66 c2
Event: 43.297 Thread 0x0000021ac3239000 DEOPT PACKING pc=0x0000021aac6829dc sp=0x0000005a1eaf6ae0
Event: 43.297 Thread 0x0000021ac3239000 DEOPT UNPACKING pc=0x0000021aa479662f sp=0x0000005a1eaf6aa8 mode 2
Event: 43.301 Thread 0x0000021ac3239000 Uncommon trap: trap_request=0xffffffde fr.pc=0x0000021aac6829dc relative=0x000000000000133c
Event: 43.301 Thread 0x0000021ac3239000 Uncommon trap: reason=class_check action=maybe_recompile pc=0x0000021aac6829dc method=jdk.internal.loader.BuiltinClassLoader.loadClassOrNull(Ljava/lang/String;Z)Ljava/lang/Class; @ 66 c2
Event: 43.301 Thread 0x0000021ac3239000 DEOPT PACKING pc=0x0000021aac6829dc sp=0x0000005a1eaf5140
Event: 43.301 Thread 0x0000021ac3239000 DEOPT UNPACKING pc=0x0000021aa479662f sp=0x0000005a1eaf5108 mode 2
Event: 43.307 Thread 0x0000021ac3239000 Uncommon trap: trap_request=0xffffffd6 fr.pc=0x0000021aac801738 relative=0x00000000000008f8
Event: 43.307 Thread 0x0000021ac3239000 Uncommon trap: reason=array_check action=maybe_recompile pc=0x0000021aac801738 method=java.util.TimSort.binarySort([Ljava/lang/Object;IIILjava/util/Comparator;)V @ 183 c2
Event: 43.307 Thread 0x0000021ac3239000 DEOPT PACKING pc=0x0000021aac801738 sp=0x0000005a1eaf4eb0
Event: 43.307 Thread 0x0000021ac3239000 DEOPT UNPACKING pc=0x0000021aa479662f sp=0x0000005a1eaf4e58 mode 2
Event: 43.315 Thread 0x0000021ac3239000 Uncommon trap: trap_request=0xffffffde fr.pc=0x0000021aac6829dc relative=0x000000000000133c
Event: 43.315 Thread 0x0000021ac3239000 Uncommon trap: reason=class_check action=maybe_recompile pc=0x0000021aac6829dc method=jdk.internal.loader.BuiltinClassLoader.loadClassOrNull(Ljava/lang/String;Z)Ljava/lang/Class; @ 66 c2
Event: 43.315 Thread 0x0000021ac3239000 DEOPT PACKING pc=0x0000021aac6829dc sp=0x0000005a1eaf6cd0
Event: 43.315 Thread 0x0000021ac3239000 DEOPT UNPACKING pc=0x0000021aa479662f sp=0x0000005a1eaf6c98 mode 2

Classes redefined (0 events):
No events

Internal exceptions (20 events):
Event: 32.978 Thread 0x0000021ac323a800 Exception <a 'java/lang/IncompatibleClassChangeError'{0x0000000086c45258}: Found class java.lang.Object, but interface was expected> (0x0000000086c45258) thrown at [./src/hotspot/share/interpreter/linkResolver.cpp, line 839]
Event: 33.112 Thread 0x0000021ac323a800 Exception <a 'java/lang/NoSuchMethodError'{0x0000000086a7dd40}: 'int java.lang.invoke.DirectMethodHandle$Holder.invokeStaticInit(java.lang.Object, java.lang.Object, java.lang.Object, java.lang.Object, java.lang.Object)'> (0x0000000086a7dd40) thrown at [./src/hotspot/share/interpreter/linkResolver.cpp, line 773]
Event: 33.931 Thread 0x0000021ac323a800 Exception <a 'java/lang/NoSuchMethodError'{0x0000000086338168}: 'void java.lang.invoke.DirectMethodHandle$Holder.invokeStatic(java.lang.Object, java.lang.Object, java.lang.Object, java.lang.Object, int, java.lang.Object, java.lang.Object)'> (0x0000000086338168) thrown at [./src/hotspot/share/interpreter/linkResolver.cpp, line 773]
Event: 33.998 Thread 0x0000021ac1d91000 Exception <a 'java/lang/NoSuchMethodError'{0x0000000085df4790}: 'java.lang.Object java.lang.invoke.DirectMethodHandle$Holder.invokeSpecialIFC(java.lang.Object, java.lang.Object, java.lang.Object)'> (0x0000000085df4790) thrown at [./src/hotspot/share/interpreter/linkResolver.cpp, line 773]
Event: 33.998 Thread 0x0000021ac1de5800 Exception <a 'java/lang/NoSuchMethodError'{0x0000000085d592e8}: 'java.lang.Object java.lang.invoke.DirectMethodHandle$Holder.invokeSpecialIFC(java.lang.Object, java.lang.Object, java.lang.Object)'> (0x0000000085d592e8) thrown at [./src/hotspot/share/interpreter/linkResolver.cpp, line 773]
Event: 33.999 Thread 0x0000021ac323a800 Exception <a 'java/lang/NoSuchMethodError'{0x0000000085d87020}: 'java.lang.Object java.lang.invoke.DirectMethodHandle$Holder.invokeSpecialIFC(java.lang.Object, java.lang.Object, java.lang.Object)'> (0x0000000085d87020) thrown at [./src/hotspot/share/interpreter/linkResolver.cpp, line 773]
Event: 33.999 Thread 0x0000021ac1de9800 Exception <a 'java/lang/NoSuchMethodError'{0x0000000085ddf808}: 'java.lang.Object java.lang.invoke.DirectMethodHandle$Holder.invokeSpecialIFC(java.lang.Object, java.lang.Object, java.lang.Object)'> (0x0000000085ddf808) thrown at [./src/hotspot/share/interpreter/linkResolver.cpp, line 773]
Event: 33.998 Thread 0x0000021abd2e5000 Exception <a 'java/lang/NoSuchMethodError'{0x0000000085d103f0}: 'java.lang.Object java.lang.invoke.DirectMethodHandle$Holder.invokeSpecialIFC(java.lang.Object, java.lang.Object, java.lang.Object)'> (0x0000000085d103f0) thrown at [./src/hotspot/share/interpreter/linkResolver.cpp, line 773]
Event: 33.998 Thread 0x0000021ac1de8000 Exception <a 'java/lang/NoSuchMethodError'{0x0000000085d76938}: 'java.lang.Object java.lang.invoke.DirectMethodHandle$Holder.invokeSpecialIFC(java.lang.Object, java.lang.Object, java.lang.Object)'> (0x0000000085d76938) thrown at [./src/hotspot/share/interpreter/linkResolver.cpp, line 773]
Event: 38.132 Thread 0x0000021ac3239000 Exception <a 'java/lang/NoSuchMethodError'{0x00000000861910b8}: <clinit>> (0x00000000861910b8) thrown at [./src/hotspot/share/prims/jni.cpp, line 1362]
Event: 38.133 Thread 0x0000021ac3239000 Exception <a 'java/lang/NoSuchMethodError'{0x00000000861926c0}: <clinit>> (0x00000000861926c0) thrown at [./src/hotspot/share/prims/jni.cpp, line 1362]
Event: 38.134 Thread 0x0000021ac3239000 Exception <a 'java/lang/NoSuchMethodError'{0x0000000086194860}: <clinit>> (0x0000000086194860) thrown at [./src/hotspot/share/prims/jni.cpp, line 1362]
Event: 38.141 Thread 0x0000021ac3239000 Exception <a 'java/lang/NoSuchMethodError'{0x00000000861acd28}: <clinit>> (0x00000000861acd28) thrown at [./src/hotspot/share/prims/jni.cpp, line 1362]
Event: 38.142 Thread 0x0000021ac3239000 Exception <a 'java/lang/NoSuchMethodError'{0x00000000861ae208}: <clinit>> (0x00000000861ae208) thrown at [./src/hotspot/share/prims/jni.cpp, line 1362]
Event: 40.848 Thread 0x0000021abd2ec800 Implicit null exception at 0x0000021aac8239d2 to 0x0000021aac823dd8
Event: 40.909 Thread 0x0000021abf801000 Implicit null exception at 0x0000021aac825080 to 0x0000021aac8258bc
Event: 41.128 Thread 0x0000021ac3239000 Exception <a 'java/lang/NoSuchMethodError'{0x000000008980fef8}: 'int java.lang.invoke.DirectMethodHandle$Holder.invokeSpecial(java.lang.Object, java.lang.Object, java.lang.Object, java.lang.Object, java.lang.Object)'> (0x000000008980fef8) thrown at [./src/hotspot/share/interpreter/linkResolver.cpp, line 773]
Event: 41.401 Thread 0x0000021ac3239000 Exception <a 'java/lang/NoSuchMethodError'{0x00000000897f1688}: 'void java.lang.invoke.DirectMethodHandle$Holder.invokeVirtual(java.lang.Object, java.lang.Object)'> (0x00000000897f1688) thrown at [./src/hotspot/share/interpreter/linkResolver.cpp, line 773]
Event: 42.902 Thread 0x0000021ac3239000 Implicit null exception at 0x0000021aac526577 to 0x0000021aac526710
Event: 42.959 Thread 0x0000021ac3239000 Exception <a 'java/lang/NoSuchMethodError'{0x0000000088126a70}: 'int java.lang.invoke.DirectMethodHandle$Holder.invokeVirtual(java.lang.Object, java.lang.Object, java.lang.Object)'> (0x0000000088126a70) thrown at [./src/hotspot/share/interpreter/linkResolver.cpp, line 773]

Events (20 events):
Event: 43.414 loading class com/sun/tools/javac/util/Context
Event: 43.414 loading class com/sun/tools/javac/util/Context done
Event: 43.414 loading class com/sun/tools/javac/util/Context
Event: 43.414 loading class com/sun/tools/javac/util/Context done
Event: 43.414 loading class com/sun/tools/javac/util/Context$Factory
Event: 43.414 loading class com/sun/tools/javac/util/Context$Factory done
Event: 43.415 loading class java/nio/charset/IllegalCharsetNameException
Event: 43.415 loading class java/nio/charset/IllegalCharsetNameException done
Event: 43.425 loading class java/nio/file/ProviderNotFoundException
Event: 43.425 loading class java/nio/file/ProviderNotFoundException done
Event: 43.474 Loaded shared library C:\Program Files\Android\Android Studio\jre\bin\zip.dll
Event: 43.544 loading class com/sun/tools/javac/main/Option$OptionGroup
Event: 43.544 loading class com/sun/tools/javac/main/Option$OptionGroup done
Event: 43.544 loading class com/sun/tools/javac/main/Option
Event: 43.544 loading class com/sun/tools/javac/main/Option done
Event: 43.544 loading class com/sun/tools/javac/main/Option$OptionGroup
Event: 43.544 loading class com/sun/tools/javac/main/Option$OptionGroup done
Event: 43.547 loading class java/util/JumboEnumSet
Event: 43.580 loading class java/util/JumboEnumSet done
Event: 43.580 Executing VM operation: Deoptimize


Dynamic libraries:
0x00007ff65d330000 - 0x00007ff65d33a000 	C:\Program Files\Android\Android Studio\jre\bin\java.exe
0x00007ffdd7870000 - 0x00007ffdd7a65000 	C:\Windows\SYSTEM32\ntdll.dll
0x00007ffdd7010000 - 0x00007ffdd70ce000 	C:\Windows\System32\KERNEL32.DLL
0x00007ffdd54d0000 - 0x00007ffdd5798000 	C:\Windows\System32\KERNELBASE.dll
0x00007ffdd5040000 - 0x00007ffdd5140000 	C:\Windows\System32\ucrtbase.dll
0x00007ffdbb080000 - 0x00007ffdbb099000 	C:\Program Files\Android\Android Studio\jre\bin\jli.dll
0x00007ffdbb0a0000 - 0x00007ffdbb0b7000 	C:\Program Files\Android\Android Studio\jre\bin\VCRUNTIME140.dll
0x00007ffdd7260000 - 0x00007ffdd7400000 	C:\Windows\System32\USER32.dll
0x00007ffdd52a0000 - 0x00007ffdd52c2000 	C:\Windows\System32\win32u.dll
0x00007ffdd44b0000 - 0x00007ffdd474a000 	C:\Windows\WinSxS\amd64_microsoft.windows.common-controls_6595b64144ccf1df_6.0.19041.1110_none_60b5254171f9507e\COMCTL32.dll
0x00007ffdd7230000 - 0x00007ffdd725a000 	C:\Windows\System32\GDI32.dll
0x00007ffdd5db0000 - 0x00007ffdd5e4e000 	C:\Windows\System32\msvcrt.dll
0x00007ffdd5190000 - 0x00007ffdd529b000 	C:\Windows\System32\gdi32full.dll
0x00007ffdd57a0000 - 0x00007ffdd583d000 	C:\Windows\System32\msvcp_win.dll
0x00007ffdd6f70000 - 0x00007ffdd6fa0000 	C:\Windows\System32\IMM32.DLL
0x00007ffdb7cf0000 - 0x00007ffdb7d8d000 	C:\Program Files\Android\Android Studio\jre\bin\msvcp140.dll
0x00007ffd8bec0000 - 0x00007ffd8c995000 	C:\Program Files\Android\Android Studio\jre\bin\server\jvm.dll
0x00007ffdd6dd0000 - 0x00007ffdd6e7e000 	C:\Windows\System32\ADVAPI32.dll
0x00007ffdd70d0000 - 0x00007ffdd716c000 	C:\Windows\System32\sechost.dll
0x00007ffdd6000000 - 0x00007ffdd6125000 	C:\Windows\System32\RPCRT4.dll
0x00007ffdd5a40000 - 0x00007ffdd5a48000 	C:\Windows\System32\PSAPI.DLL
0x00007ffdcc260000 - 0x00007ffdcc26a000 	C:\Windows\SYSTEM32\VERSION.dll
0x00007ffdc0460000 - 0x00007ffdc0487000 	C:\Windows\SYSTEM32\WINMM.dll
0x00007ffdc1360000 - 0x00007ffdc1369000 	C:\Windows\SYSTEM32\WSOCK32.dll
0x00007ffdd6fa0000 - 0x00007ffdd700b000 	C:\Windows\System32\WS2_32.dll
0x00007ffdd2860000 - 0x00007ffdd2872000 	C:\Windows\SYSTEM32\kernel.appcore.dll
0x00007ffda3cc0000 - 0x00007ffda3cd1000 	C:\Program Files\Android\Android Studio\jre\bin\verify.dll
0x00007ffdd4940000 - 0x00007ffdd4b24000 	C:\Windows\SYSTEM32\DBGHELP.DLL
0x00007ffdd4910000 - 0x00007ffdd493c000 	C:\Windows\SYSTEM32\dbgcore.DLL
0x00007ffdd5840000 - 0x00007ffdd58c2000 	C:\Windows\System32\bcryptPrimitives.dll
0x00007ffda3c90000 - 0x00007ffda3cb9000 	C:\Program Files\Android\Android Studio\jre\bin\java.dll
0x00007ffdcf0b0000 - 0x00007ffdcf0bb000 	C:\Program Files\Android\Android Studio\jre\bin\jimage.dll
0x00007ffda3b40000 - 0x00007ffda3b58000 	C:\Program Files\Android\Android Studio\jre\bin\zip.dll
0x00007ffdd6670000 - 0x00007ffdd6db4000 	C:\Windows\System32\SHELL32.dll
0x00007ffdd2a60000 - 0x00007ffdd31f4000 	C:\Windows\SYSTEM32\windows.storage.dll
0x00007ffdd5a50000 - 0x00007ffdd5da4000 	C:\Windows\System32\combase.dll
0x00007ffdd4380000 - 0x00007ffdd43ac000 	C:\Windows\SYSTEM32\Wldp.dll
0x00007ffdd5990000 - 0x00007ffdd5a3d000 	C:\Windows\System32\SHCORE.dll
0x00007ffdd58d0000 - 0x00007ffdd5925000 	C:\Windows\System32\shlwapi.dll
0x00007ffdd4ed0000 - 0x00007ffdd4eef000 	C:\Windows\SYSTEM32\profapi.dll
0x00007ffda3b20000 - 0x00007ffda3b3a000 	C:\Program Files\Android\Android Studio\jre\bin\net.dll
0x00007ffdc3670000 - 0x00007ffdc377a000 	C:\Windows\SYSTEM32\WINHTTP.dll
0x00007ffdd4060000 - 0x00007ffdd40ca000 	C:\Windows\system32\mswsock.dll
0x00007ffda3b00000 - 0x00007ffda3b14000 	C:\Program Files\Android\Android Studio\jre\bin\nio.dll
0x00007ffdbb0c0000 - 0x00007ffdbb0e7000 	C:\Users\LENOVO\.gradle\native\e1d6ef7f7dcc3fd88c89a11ec53ec762bb8ba0a96d01ffa2cd45eb1d1d8dd5c5\windows-amd64\native-platform.dll
0x00007ffd74170000 - 0x00007ffd742b4000 	C:\Users\LENOVO\.gradle\native\5664cfc778a61ccfe75a443a1ab52a65af34e5dc3c78e0209fed803814484fcb\windows-amd64\native-platform-file-events.dll
0x00007ffda3c80000 - 0x00007ffda3c8a000 	C:\Program Files\Android\Android Studio\jre\bin\management.dll
0x00007ffda3aa0000 - 0x00007ffda3aad000 	C:\Program Files\Android\Android Studio\jre\bin\management_ext.dll
0x00007ffdd4d20000 - 0x00007ffdd4d38000 	C:\Windows\SYSTEM32\CRYPTSP.dll
0x00007ffdd3a10000 - 0x00007ffdd3a44000 	C:\Windows\system32\rsaenh.dll
0x00007ffdd52d0000 - 0x00007ffdd52f7000 	C:\Windows\System32\bcrypt.dll
0x00007ffdd4e90000 - 0x00007ffdd4ebe000 	C:\Windows\SYSTEM32\USERENV.dll
0x00007ffdd42d0000 - 0x00007ffdd42dc000 	C:\Windows\SYSTEM32\CRYPTBASE.dll
0x00007ffdd3d60000 - 0x00007ffdd3d9b000 	C:\Windows\SYSTEM32\IPHLPAPI.DLL
0x00007ffdd6e80000 - 0x00007ffdd6e88000 	C:\Windows\System32\NSI.dll
0x00007ffdcc2f0000 - 0x00007ffdcc307000 	C:\Windows\SYSTEM32\dhcpcsvc6.DLL
0x00007ffdcc870000 - 0x00007ffdcc88d000 	C:\Windows\SYSTEM32\dhcpcsvc.DLL
0x00007ffdd3da0000 - 0x00007ffdd3e6b000 	C:\Windows\SYSTEM32\DNSAPI.dll

dbghelp: loaded successfully - version: 4.0.5 - missing functions: none
symbol engine: initialized successfully - sym options: 0x614 - pdb path: .;C:\Program Files\Android\Android Studio\jre\bin;C:\Windows\SYSTEM32;C:\Windows\WinSxS\amd64_microsoft.windows.common-controls_6595b64144ccf1df_6.0.19041.1110_none_60b5254171f9507e;C:\Program Files\Android\Android Studio\jre\bin\server;C:\Users\LENOVO\.gradle\native\e1d6ef7f7dcc3fd88c89a11ec53ec762bb8ba0a96d01ffa2cd45eb1d1d8dd5c5\windows-amd64;C:\Users\LENOVO\.gradle\native\5664cfc778a61ccfe75a443a1ab52a65af34e5dc3c78e0209fed803814484fcb\windows-amd64

VM Arguments:
jvm_args: --add-opens=java.base/java.util=ALL-UNNAMED --add-opens=java.base/java.lang=ALL-UNNAMED --add-opens=java.base/java.lang.invoke=ALL-UNNAMED --add-opens=java.base/java.util=ALL-UNNAMED --add-opens=java.prefs/java.util.prefs=ALL-UNNAMED --add-opens=java.prefs/java.util.prefs=ALL-UNNAMED --add-opens=java.base/java.nio.charset=ALL-UNNAMED --add-opens=java.base/java.net=ALL-UNNAMED --add-opens=java.base/java.util.concurrent.atomic=ALL-UNNAMED -Xmx2048m -Dfile.encoding=UTF-8 -Duser.country=FR -Duser.language=fr -Duser.variant 
java_command: org.gradle.launcher.daemon.bootstrap.GradleDaemon 7.2
java_class_path (initial): C:\Users\LENOVO\.gradle\wrapper\dists\gradle-7.2-bin\2dnblmf4td7x66yl1d74lt32g\gradle-7.2\lib\gradle-launcher-7.2.jar
Launcher Type: SUN_STANDARD

[Global flags]
     intx CICompilerCount                          = 4                                         {product} {ergonomic}
     uint ConcGCThreads                            = 2                                         {product} {ergonomic}
     uint G1ConcRefinementThreads                  = 8                                         {product} {ergonomic}
   size_t G1HeapRegionSize                         = 1048576                                   {product} {ergonomic}
    uintx GCDrainStackTargetSize                   = 64                                        {product} {ergonomic}
   size_t InitialHeapSize                          = 134217728                                 {product} {ergonomic}
   size_t MarkStackSize                            = 4194304                                   {product} {ergonomic}
   size_t MaxHeapSize                              = 2147483648                                {product} {command line}
   size_t MaxNewSize                               = 1287651328                                {product} {ergonomic}
   size_t MinHeapDeltaBytes                        = 1048576                                   {product} {ergonomic}
    uintx NonNMethodCodeHeapSize                   = 5836300                                {pd product} {ergonomic}
    uintx NonProfiledCodeHeapSize                  = 122910970                              {pd product} {ergonomic}
    uintx ProfiledCodeHeapSize                     = 122910970                              {pd product} {ergonomic}
    uintx ReservedCodeCacheSize                    = 251658240                              {pd product} {ergonomic}
     bool SegmentedCodeCache                       = true                                      {product} {ergonomic}
     bool UseCompressedClassPointers               = true                                 {lp64_product} {ergonomic}
     bool UseCompressedOops                        = true                                 {lp64_product} {ergonomic}
     bool UseG1GC                                  = true                                      {product} {ergonomic}
     bool UseLargePagesIndividualAllocation        = false                                  {pd product} {ergonomic}

Logging:
Log output configuration:
 #0: stdout all=warning uptime,level,tags
 #1: stderr all=off uptime,level,tags

Environment Variables:
JRE_HOME=C:\Program Files\Java\jre1.8.0_261\bin
CLASSPATH=.;F:\ITU\ITU-Utils\log4j.jar
PATH=C:\Program Files (x86)\VMware\VMware Workstation\bin\;C:\Program Files (x86)\Common Files\Oracle\Java\javapath;C:\oraclexe\app\oracle\product\11.2.0\server\bin;C:\Windows\system32;C:\Windows;C:\Windows\System32\Wbem;C:\Windows\System32\WindowsPowerShell\v1.0\;C:\Windows\System32\OpenSSH\;C:\Program Files (x86)\NVIDIA Corporation\PhysX\Common;C:\TDM-GCC-64\bin;C:\Program Files\Microsoft SQL Server\Client SDK\ODBC\170\Tools\Binn\;C:\Program Files (x86)\Microsoft SQL Server\150\Tools\Binn\;C:\Program Files\Microsoft SQL Server\150\Tools\Binn\;C:\Program Files\Microsoft SQL Server\150\DTS\Binn\;F:\wamp\bin\mysql\mysql5.7.28\bin;C:\Program Files\dotnet\;C:\Program Files\Microsoft SQL Server\130\Tools\Binn\;C:\Program Files\Java\jdk1.8.0_261\bin;C:\ProgramData\ComposerSetup\bin;C:\Program Files\PostgreSQL\13\bin;C:\TDM64-gcc-5.1.0-2\bin;C:\Program Files\apache-maven-3.8.1\bin;F:\ITU\ITU-Utils\log4j.jar;C:\Program Files\PuTTY\;F:\wamp\bin\php\php7.3.12;C:\Program Files\Azure Data Studio\bin;C:\mongosh-1.1.6-win32-x64\bin;C:\Program Files\Git\cmd;C:\Users\LENOVO\AppData\Local\Programs\Python\Python37\Scripts\;C:\Users\LENOVO\AppData\Local\Programs\Python\Python37\;C:\Users\LENOVO\AppData\Local\Microsoft\WindowsApps;C:\Users\LENOVO\AppData\Local\GitHubDesktop\bin;C:\Program Files\heroku\bin;C:\Users\LENOVO\AppData\Local\Programs\Microsoft VS Code\bin;C:\Users\LENOVO\AppData\Roaming\Composer\vendor\bin;C:\Users\LENOVO\.dotnet\tools;C:\Program Files\Azure Data Studio\bin;C:\Program Files\JetBrains\PhpStorm 2021.1.1\bin;;C:\Program Files\JetBrains\PyCharm Community Edition 2019.3.3\bin;;C:\Program Files\JetBrains\IntelliJ IDEA Community Edition 2021.3.2\bin;;C:\Program Files\MongoDB\Server\4.4\bin;C:\Program Files\nodejs;C:\Users\LENOVO\AppData\Roaming\npm;C:\Users\LENOVO\AppData\Roaming\npm\node_modules\@angular\cli\bin;
USERNAME=LENOVO
OS=Windows_NT
PROCESSOR_IDENTIFIER=Intel64 Family 6 Model 60 Stepping 3, GenuineIntel



---------------  S Y S T E M  ---------------

OS: Windows 10 , 64 bit Build 19041 (10.0.19041.1645)
OS uptime: 0 days 0:22 hours

CPU:total 8 (initial active 8) (4 cores per cpu, 2 threads per core) family 6 model 60 stepping 3 microcode 0x27, cmov, cx8, fxsr, mmx, sse, sse2, sse3, ssse3, sse4.1, sse4.2, popcnt, avx, avx2, aes, clmul, erms, lzcnt, ht, tsc, tscinvbit, bmi1, bmi2, fma

Memory: 4k page, system-wide physical 8104M (676M free)
TotalPageFile size 12307M (AvailPageFile size 1394M)
current process WorkingSet (physical memory assigned to process): 459M, peak: 466M
current process commit charge ("private bytes"): 504M, peak: 512M

vm_info: OpenJDK 64-Bit Server VM (11.0.11+9-b60-7590822) for windows-amd64 JRE (11.0.11+9-b60-7590822), built on Jul 29 2021 21:43:44 by "builder" with MS VC++ 14.0 (VS2015)

END.
